[0m2021.12.28 17:59:22 INFO  Started: Metals version 0.10.9 in workspace 'C:\msys64\home\Bert\projects\scala-gradle-example' for client Visual Studio Code 1.63.2.[0m
[0m2021.12.28 17:59:23 INFO  time: initialize in 1s[0m
[0m2021.12.28 17:59:23 WARN  Build server is not auto-connectable.[0m
[0m2021.12.28 17:59:23 WARN  no build target for: C:\msys64\home\Bert\projects\scala-gradle-example\src\main\scala\scala\services\authenticationService.scala[0m
[0m2021.12.28 17:59:23 WARN  no build target for: C:\msys64\home\Bert\projects\scala-gradle-example\src\main\scala\scala\gradle\example\App.scala[0m
[0m2021.12.28 17:59:26 INFO  no build target: using presentation compiler with only scala-library: 3.1.0[0m
[0m2021.12.28 17:59:27 INFO  running 'C:\msys64\home\Bert\projects\scala-gradle-example\gradlew.bat --console=plain --init-script C:\Users\Bert\AppData\Local\Temp\metals18084297654282815155\init-script.gradle bloopInstall'[0m
[0m2021.12.28 17:59:28 INFO  Starting a Gradle Daemon, 2 incompatible and 1 stopped Daemons could not be reused, use --status for details[0m
[0m2021.12.28 17:59:28 INFO  time: code lens generation in 3.32s[0m
[0m2021.12.28 17:59:28 INFO  time: code lens generation in 3.67s[0m
[0m2021.12.28 17:59:28 INFO  time: code lens generation in 3.67s[0m
[0m2021.12.28 17:59:28 INFO  time: code lens generation in 3.68s[0m
[0m2021.12.28 17:59:31 INFO  > Task :configureBloopInstall[0m
[0m2021.12.28 17:59:31 INFO  > Task :bloopInstall[0m
[0m2021.12.28 17:59:31 INFO  [0m
[0m2021.12.28 17:59:31 INFO  Deprecated Gradle features were used in this build, making it incompatible with Gradle 8.0.[0m
[0m2021.12.28 17:59:31 INFO  [0m
[0m2021.12.28 17:59:31 INFO  You can use '--warning-mode all' to show the individual deprecation warnings and determine if they come from your own scripts or plugins.[0m
[0m2021.12.28 17:59:31 INFO  [0m
[0m2021.12.28 17:59:31 INFO  See https://docs.gradle.org/7.3.2/userguide/command_line_interface.html#sec:command_line_warnings[0m
[0m2021.12.28 17:59:31 INFO  [0m
[0m2021.12.28 17:59:31 INFO  BUILD SUCCESSFUL in 4s[0m
[0m2021.12.28 17:59:31 INFO  2 actionable tasks: 2 executed[0m
[0m2021.12.28 17:59:32 INFO  time: ran 'gradle bloopInstall' in 5.14s[0m
[0m2021.12.28 17:59:32 INFO  Attempting to connect to the build server...[0m
Starting the bsp launcher for bloop...
Opening a bsp server connection with 'bsp --protocol tcp --port 14657'...
Waiting for the bsp connection to come up...
[0m[32m[D][0m Loading 2 projects from 'c:\msys64\home\Bert\projects\scala-gradle-example\.bloop'...
[0m[32m[D][0m Loading project from 'c:\msys64\home\Bert\projects\scala-gradle-example\.bloop\scala-gradle-example.json'
[0m[32m[D][0m Loading project from 'c:\msys64\home\Bert\projects\scala-gradle-example\.bloop\scala-gradle-example-test.json'
[0m[32m[D][0m Waiting for a connection at 127.0.0.1:14657...
The server is listening for incoming connections at tcp://127.0.0.1:14657...
Starting thread that pumps stdin and redirects it to the bsp server...
Starting thread that pumps server stdout and redirects it to the client stdout...
[0m2021.12.28 17:59:32 INFO  tracing is disabled for protocol BSP, to enable tracing of incoming and outgoing JSON messages create an empty file at C:\Users\Bert\AppData\Local\scalameta\metals\cache\bsp.trace.json[0m
[0m2021.12.28 17:59:32 INFO  time: Connected to build server in 0.38s[0m
[0m2021.12.28 17:59:32 INFO  Connected to Build server: Bloop v1.4.11[0m
[0m2021.12.28 17:59:34 INFO  time: indexed workspace in 2.19s[0m
[0m2021.12.28 17:59:36 INFO  no build target: using presentation compiler with only scala-library: 3.1.0[0m
[0m2021.12.28 17:59:36 INFO  compiling scala-gradle-example (4 scala sources)[0m
[0m2021.12.28 17:59:36 INFO  time: compiled scala-gradle-example in 0.46s[0m
[0m2021.12.28 17:59:41 INFO  running 'C:\msys64\home\Bert\projects\scala-gradle-example\gradlew.bat --console=plain --init-script C:\Users\Bert\AppData\Local\Temp\metals17872491477448674235\init-script.gradle bloopInstall'[0m
[0m2021.12.28 17:59:42 INFO  > Task :configureBloopInstall[0m
[0m2021.12.28 17:59:42 INFO  > Task :bloopInstall[0m
[0m2021.12.28 17:59:42 INFO  [0m
[0m2021.12.28 17:59:42 INFO  Deprecated Gradle features were used in this build, making it incompatible with Gradle 8.0.[0m
[0m2021.12.28 17:59:42 INFO  [0m
[0m2021.12.28 17:59:42 INFO  You can use '--warning-mode all' to show the individual deprecation warnings and determine if they come from your own scripts or plugins.[0m
[0m2021.12.28 17:59:42 INFO  [0m
[0m2021.12.28 17:59:42 INFO  See https://docs.gradle.org/7.3.2/userguide/command_line_interface.html#sec:command_line_warnings[0m
[0m2021.12.28 17:59:42 INFO  [0m
[0m2021.12.28 17:59:42 INFO  BUILD SUCCESSFUL in 981ms[0m
[0m2021.12.28 17:59:42 INFO  2 actionable tasks: 2 executed[0m
[0m2021.12.28 17:59:42 INFO  time: ran 'gradle bloopInstall' in 1.1s[0m
[0m2021.12.28 17:59:42 INFO  Disconnecting from Bloop session...[0m
[0m2021.12.28 17:59:42 INFO  Shut down connection with build server.[0m
No more data in the server stdin, exiting...
No more data in the server stdin, exiting...
No more data in the client stdin, exiting...
[0m2021.12.28 17:59:42 INFO  Attempting to connect to the build server...[0m
Starting the bsp launcher for bloop...
Opening a bsp server connection with 'bsp --protocol tcp --port 37829'...
Waiting for the bsp connection to come up...
[0m[32m[D][0m Loading workspace settings from bloop.settings.json
[0m[32m[D][0m Loading 2 projects from 'c:\msys64\home\Bert\projects\scala-gradle-example\.bloop'...
[0m[32m[D][0m Loading project from 'c:\msys64\home\Bert\projects\scala-gradle-example\.bloop\scala-gradle-example.json'
[0m[32m[D][0m Loading project from 'c:\msys64\home\Bert\projects\scala-gradle-example\.bloop\scala-gradle-example-test.json'
[0m[32m[D][0m Waiting for a connection at 127.0.0.1:37829...
The server is listening for incoming connections at tcp://127.0.0.1:37829...
Starting thread that pumps stdin and redirects it to the bsp server...
Starting thread that pumps server stdout and redirects it to the client stdout...
[0m2021.12.28 17:59:42 INFO  tracing is disabled for protocol BSP, to enable tracing of incoming and outgoing JSON messages create an empty file at C:\Users\Bert\AppData\Local\scalameta\metals\cache\bsp.trace.json[0m
[0m2021.12.28 17:59:42 INFO  time: Connected to build server in 0.27s[0m
[0m2021.12.28 17:59:42 INFO  Connected to Build server: Bloop v1.4.11[0m
[0m2021.12.28 17:59:43 INFO  time: indexed workspace in 1.01s[0m
[0m2021.12.28 17:59:43 INFO  compiling scala-gradle-example (4 scala sources)[0m
[0m2021.12.28 17:59:44 INFO  no build target: using presentation compiler with only scala-library: 3.1.0[0m
Dec 28, 2021 5:59:44 PM org.eclipse.lsp4j.jsonrpc.RemoteEndpoint handleNotification
WARNING: Notification threw an exception: {
  "jsonrpc": "2.0",
  "method": "build/taskFinish",
  "params": {
    "taskId": {
      "id": "1"
    },
    "eventTime": 1640710783819,
    "message": "Compiled \u0027scala-gradle-example\u0027",
    "status": 2,
    "dataKind": "compile-report",
    "data": {
      "target": {
        "uri": "file:/C:/msys64/home/Bert/projects/scala-gradle-example/?id\u003dscala-gradle-example"
      },
      "errors": 1,
      "warnings": 0,
      "isNoOp": false,
      "isLastCycle": true
    }
  }
}
java.lang.RuntimeException: java.lang.reflect.InvocationTargetException
	at org.eclipse.lsp4j.jsonrpc.services.GenericEndpoint.lambda$null$0(GenericEndpoint.java:67)
	at org.eclipse.lsp4j.jsonrpc.services.GenericEndpoint.notify(GenericEndpoint.java:152)
	at org.eclipse.lsp4j.jsonrpc.RemoteEndpoint.handleNotification(RemoteEndpoint.java:220)
	at org.eclipse.lsp4j.jsonrpc.RemoteEndpoint.consume(RemoteEndpoint.java:187)
	at org.eclipse.lsp4j.jsonrpc.json.StreamMessageProducer.handleMessage(StreamMessageProducer.java:194)
	at org.eclipse.lsp4j.jsonrpc.json.StreamMessageProducer.listen(StreamMessageProducer.java:94)
	at org.eclipse.lsp4j.jsonrpc.json.ConcurrentMessageProcessor.run(ConcurrentMessageProcessor.java:113)
	at java.base/java.util.concurrent.Executors$RunnableAdapter.call(Executors.java:539)
	at java.base/java.util.concurrent.FutureTask.run(FutureTask.java:264)
	at java.base/java.util.concurrent.ThreadPoolExecutor.runWorker(ThreadPoolExecutor.java:1136)
	at java.base/java.util.concurrent.ThreadPoolExecutor$Worker.run(ThreadPoolExecutor.java:635)
	at java.base/java.lang.Thread.run(Thread.java:833)
Caused by: java.lang.reflect.InvocationTargetException
	at java.base/jdk.internal.reflect.NativeMethodAccessorImpl.invoke0(Native Method)
	at java.base/jdk.internal.reflect.NativeMethodAccessorImpl.invoke(NativeMethodAccessorImpl.java:77)
	at java.base/jdk.internal.reflect.DelegatingMethodAccessorImpl.invoke(DelegatingMethodAccessorImpl.java:43)
	at java.base/java.lang.reflect.Method.invoke(Method.java:568)
	at org.eclipse.lsp4j.jsonrpc.services.GenericEndpoint.lambda$null$0(GenericEndpoint.java:65)
	... 11 more
Caused by: java.lang.NullPointerException: Cannot invoke "scala.meta.pc.PresentationCompiler.restart()" because "x$6" is null
	at scala.meta.internal.metals.Compilers.$anonfun$didCompile$1(Compilers.scala:227)
	at scala.meta.internal.metals.Compilers.$anonfun$didCompile$1$adapted(Compilers.scala:227)
	at scala.Option.foreach(Option.scala:407)
	at scala.meta.internal.metals.Compilers.didCompile(Compilers.scala:227)
	at scala.meta.internal.metals.MetalsLanguageServer.$anonfun$updateWorkspaceDirectory$10(MetalsLanguageServer.scala:407)
	at scala.meta.internal.metals.MetalsLanguageServer.$anonfun$updateWorkspaceDirectory$10$adapted(MetalsLanguageServer.scala:405)
	at scala.meta.internal.metals.ForwardingMetalsBuildClient.$anonfun$buildTaskFinish$2(ForwardingMetalsBuildClient.scala:172)
	at scala.Option.foreach(Option.scala:407)
	at scala.meta.internal.metals.ForwardingMetalsBuildClient.$anonfun$buildTaskFinish$1(ForwardingMetalsBuildClient.scala:169)
	at scala.meta.internal.metals.ForwardingMetalsBuildClient.$anonfun$buildTaskFinish$1$adapted(ForwardingMetalsBuildClient.scala:168)
	at scala.Option.foreach(Option.scala:407)
	at scala.meta.internal.metals.ForwardingMetalsBuildClient.buildTaskFinish(ForwardingMetalsBuildClient.scala:168)
	... 16 more

[0m2021.12.28 17:59:54 INFO  compiling scala-gradle-example (4 scala sources)[0m
[0m2021.12.28 17:59:54 INFO  time: compiled scala-gradle-example in 0.18s[0m
[0m2021.12.28 17:59:55 INFO  compiling scala-gradle-example (4 scala sources)[0m
[0m2021.12.28 17:59:55 INFO  time: compiled scala-gradle-example in 0.2s[0m
[0m2021.12.28 18:00:08 INFO  compiling scala-gradle-example (4 scala sources)[0m
[0m2021.12.28 18:00:08 INFO  time: compiled scala-gradle-example in 0.23s[0m
[0m2021.12.28 18:00:33 INFO  running 'C:\msys64\home\Bert\projects\scala-gradle-example\gradlew.bat --console=plain --init-script C:\Users\Bert\AppData\Local\Temp\metals4193319862248289022\init-script.gradle bloopInstall'[0m
[0m2021.12.28 18:00:34 INFO  > Task :configureBloopInstall[0m
[0m2021.12.28 18:00:34 INFO  > Task :bloopInstall[0m
[0m2021.12.28 18:00:34 INFO  [0m
[0m2021.12.28 18:00:34 INFO  Deprecated Gradle features were used in this build, making it incompatible with Gradle 8.0.[0m
[0m2021.12.28 18:00:34 INFO  [0m
[0m2021.12.28 18:00:34 INFO  You can use '--warning-mode all' to show the individual deprecation warnings and determine if they come from your own scripts or plugins.[0m
[0m2021.12.28 18:00:34 INFO  [0m
[0m2021.12.28 18:00:34 INFO  See https://docs.gradle.org/7.3.2/userguide/command_line_interface.html#sec:command_line_warnings[0m
[0m2021.12.28 18:00:34 INFO  [0m
[0m2021.12.28 18:00:34 INFO  BUILD SUCCESSFUL in 897ms[0m
[0m2021.12.28 18:00:34 INFO  2 actionable tasks: 2 executed[0m
[0m2021.12.28 18:00:35 INFO  time: ran 'gradle bloopInstall' in 1.02s[0m
[0m2021.12.28 18:00:35 INFO  Disconnecting from Bloop session...[0m
[0m2021.12.28 18:00:35 INFO  Shut down connection with build server.[0m
No more data in the client stdin, exiting...
No more data in the server stdin, exiting...
[0m2021.12.28 18:00:35 INFO  Attempting to connect to the build server...[0m
Starting the bsp launcher for bloop...
Opening a bsp server connection with 'bsp --protocol tcp --port 13936'...
Waiting for the bsp connection to come up...
[0m[32m[D][0m Loading workspace settings from bloop.settings.json
[0m[32m[D][0m Loading 2 projects from 'c:\msys64\home\Bert\projects\scala-gradle-example\.bloop'...
[0m[32m[D][0m Loading project from 'c:\msys64\home\Bert\projects\scala-gradle-example\.bloop\scala-gradle-example.json'
[0m[32m[D][0m Loading project from 'c:\msys64\home\Bert\projects\scala-gradle-example\.bloop\scala-gradle-example-test.json'
[0m[32m[D][0m Waiting for a connection at 127.0.0.1:13936...
The server is listening for incoming connections at tcp://127.0.0.1:13936...
Starting thread that pumps stdin and redirects it to the bsp server...
Starting thread that pumps server stdout and redirects it to the client stdout...
[0m2021.12.28 18:00:35 INFO  tracing is disabled for protocol BSP, to enable tracing of incoming and outgoing JSON messages create an empty file at C:\Users\Bert\AppData\Local\scalameta\metals\cache\bsp.trace.json[0m
[0m2021.12.28 18:00:35 INFO  time: Connected to build server in 0.28s[0m
[0m2021.12.28 18:00:35 INFO  Connected to Build server: Bloop v1.4.11[0m
[0m2021.12.28 18:00:35 INFO  time: indexed workspace in 0.88s[0m
[0m2021.12.28 18:00:36 INFO  compiling scala-gradle-example (4 scala sources)[0m
[0m2021.12.28 18:00:37 INFO  no build target: using presentation compiler with only scala-library: 3.1.0[0m
[0m2021.12.28 18:00:36 INFO  time: compiled scala-gradle-example in 0.95s[0m
[0m2021.12.28 18:00:41 INFO  compiling scala-gradle-example (4 scala sources)[0m
[0m2021.12.28 18:00:41 INFO  time: compiled scala-gradle-example in 0.15s[0m
[0m2021.12.28 18:03:34 ERROR code navigation does not work for the file 'C:\msys64\home\Bert\projects\scala-gradle-example\src\main\scala\scala\services\authenticationService.scala' because the SemanticDB file 'C:\msys64\home\Bert\projects\scala-gradle-example\.bloop\scala-gradle-example\build\bloop-bsp-clients-classes\classes-Metals-qsgpDj-TR1u68_jsMQ2ZJQ==\META-INF\semanticdb\src\main\scala\scala\services\authenticationService.scala.semanticdb' doesn't exist. There can be many reasons for this error. [0m
[0m2021.12.28 18:03:38 ERROR code navigation does not work for the file 'C:\msys64\home\Bert\projects\scala-gradle-example\src\main\scala\scala\services\authenticationService.scala' because the SemanticDB file 'C:\msys64\home\Bert\projects\scala-gradle-example\.bloop\scala-gradle-example\build\bloop-bsp-clients-classes\classes-Metals-qsgpDj-TR1u68_jsMQ2ZJQ==\META-INF\semanticdb\src\main\scala\scala\services\authenticationService.scala.semanticdb' doesn't exist. There can be many reasons for this error. [0m
[0m2021.12.28 18:03:38 ERROR code navigation does not work for the file 'C:\msys64\home\Bert\projects\scala-gradle-example\src\main\scala\scala\services\authenticationService.scala' because the SemanticDB file 'C:\msys64\home\Bert\projects\scala-gradle-example\.bloop\scala-gradle-example\build\bloop-bsp-clients-classes\classes-Metals-qsgpDj-TR1u68_jsMQ2ZJQ==\META-INF\semanticdb\src\main\scala\scala\services\authenticationService.scala.semanticdb' doesn't exist. There can be many reasons for this error. [0m
[0m2021.12.28 18:03:39 INFO  compiling scala-gradle-example (4 scala sources)[0m
[0m2021.12.28 18:03:39 INFO  time: compiled scala-gradle-example in 0.22s[0m
[0m2021.12.28 18:04:12 INFO  compiling scala-gradle-example (4 scala sources)[0m
[0m2021.12.28 18:04:12 INFO  time: compiled scala-gradle-example in 0.47s[0m
[0m2021.12.28 18:04:15 ERROR scalafmt: C:\msys64\home\Bert\projects\scala-gradle-example\src\main\scala\scala\services\authenticationService.scala:24: error: [dialect scala3] { expected but \n\n found

^[0m
[0m2021.12.28 18:04:15 INFO  compiling scala-gradle-example (4 scala sources)[0m
[0m2021.12.28 18:04:15 INFO  time: compiled scala-gradle-example in 0.43s[0m
[0m2021.12.28 18:04:17 ERROR code navigation does not work for the file 'C:\msys64\home\Bert\projects\scala-gradle-example\src\main\scala\scala\services\authenticationService.scala' because the SemanticDB file 'C:\msys64\home\Bert\projects\scala-gradle-example\.bloop\scala-gradle-example\build\bloop-bsp-clients-classes\classes-Metals-qsgpDj-TR1u68_jsMQ2ZJQ==\META-INF\semanticdb\src\main\scala\scala\services\authenticationService.scala.semanticdb' doesn't exist. There can be many reasons for this error. [0m
[0m2021.12.28 18:04:18 INFO  compiling scala-gradle-example (4 scala sources)[0m
[0m2021.12.28 18:04:18 INFO  time: compiled scala-gradle-example in 0.17s[0m
[0m2021.12.28 18:04:32 ERROR code navigation does not work for the file 'C:\msys64\home\Bert\projects\scala-gradle-example\src\main\scala\scala\gradle\example\App.scala' because the SemanticDB file 'C:\msys64\home\Bert\projects\scala-gradle-example\.bloop\scala-gradle-example\build\bloop-bsp-clients-classes\classes-Metals-qsgpDj-TR1u68_jsMQ2ZJQ==\META-INF\semanticdb\src\main\scala\scala\gradle\example\App.scala.semanticdb' doesn't exist. There can be many reasons for this error. [0m
[0m2021.12.28 18:04:32 ERROR code navigation does not work for the file 'C:\msys64\home\Bert\projects\scala-gradle-example\src\main\scala\scala\services\authenticationService.scala' because the SemanticDB file 'C:\msys64\home\Bert\projects\scala-gradle-example\.bloop\scala-gradle-example\build\bloop-bsp-clients-classes\classes-Metals-qsgpDj-TR1u68_jsMQ2ZJQ==\META-INF\semanticdb\src\main\scala\scala\services\authenticationService.scala.semanticdb' doesn't exist. There can be many reasons for this error. [0m
[0m2021.12.28 18:04:33 INFO  compiling scala-gradle-example (4 scala sources)[0m
[0m2021.12.28 18:04:33 INFO  time: compiled scala-gradle-example in 0.16s[0m
[0m2021.12.28 18:04:35 ERROR code navigation does not work for the file 'C:\msys64\home\Bert\projects\scala-gradle-example\src\main\scala\scala\services\authenticationService.scala' because the SemanticDB file 'C:\msys64\home\Bert\projects\scala-gradle-example\.bloop\scala-gradle-example\build\bloop-bsp-clients-classes\classes-Metals-qsgpDj-TR1u68_jsMQ2ZJQ==\META-INF\semanticdb\src\main\scala\scala\services\authenticationService.scala.semanticdb' doesn't exist. There can be many reasons for this error. [0m
[0m2021.12.28 18:04:37 INFO  compiling scala-gradle-example (4 scala sources)[0m
[0m2021.12.28 18:04:37 INFO  time: compiled scala-gradle-example in 0.85s[0m
[0m2021.12.28 18:04:43 INFO  compiling scala-gradle-example (1 scala source)[0m
[0m2021.12.28 18:04:43 INFO  time: compiled scala-gradle-example in 0.17s[0m
[0m2021.12.29 12:06:23 INFO  Started: Metals version 0.10.9 in workspace 'C:\msys64\home\Bert\projects\scala-gradle-example' for client Visual Studio Code 1.63.2.[0m
[0m2021.12.29 12:06:25 INFO  time: initialize in 1.84s[0m
[0m2021.12.29 12:06:29 INFO  Attempting to connect to the build server...[0m
Starting the bsp launcher for bloop...
Opening a bsp server connection with 'bsp --protocol tcp --port 25803'...
Waiting for the bsp connection to come up...
[0m2021.12.29 12:06:29 INFO  skipping build import with status 'Installed'[0m
Dec 29, 2021 12:06:30 PM org.eclipse.lsp4j.jsonrpc.RemoteEndpoint handleCancellation
WARNING: Unmatched cancel notification for request id 4
Dec 29, 2021 12:06:30 PM org.eclipse.lsp4j.jsonrpc.RemoteEndpoint handleCancellation
WARNING: Unmatched cancel notification for request id 5
Dec 29, 2021 12:06:30 PM org.eclipse.lsp4j.jsonrpc.RemoteEndpoint handleCancellation
WARNING: Unmatched cancel notification for request id 6
Waiting for the bsp connection to come up...
Waiting for the bsp connection to come up...
[0m2021.12.29 12:06:33 INFO  no build target: using presentation compiler with only scala-library: 3.1.0[0m
Waiting for the bsp connection to come up...
No server running at 127.0.0.1:8212, let's fire one...
Resolving ch.epfl.scala:bloop-frontend_2.12:1.4.11...
Starting bloop server at 127.0.0.1:8212...
Attempting a connection to the server...
Attempting a connection to the server...
Attempting a connection to the server...
Attempting a connection to the server...
[0m[32m[D][0m Loading workspace settings from bloop.settings.json
[0m[32m[D][0m Loading 2 projects from 'c:\msys64\home\Bert\projects\scala-gradle-example\.bloop'...
[0m[32m[D][0m Loading project from 'c:\msys64\home\Bert\projects\scala-gradle-example\.bloop\scala-gradle-example.json'
[0m[32m[D][0m Loading project from 'c:\msys64\home\Bert\projects\scala-gradle-example\.bloop\scala-gradle-example-test.json'
[0m[32m[D][0m Cache miss for scala instance org.scala-lang:scala-compiler:3.1.0.
[0m[32m[D][0m   => C:\Users\Bert\.gradle\caches\modules-2\files-2.1\com.fasterxml.jackson.core\jackson-annotations\2.2.3\527fece4f23a457070a36c371a26d6c0208e1c3\jackson-annotations-2.2.3.jar
[0m[32m[D][0m   => C:\Users\Bert\.gradle\caches\modules-2\files-2.1\com.fasterxml.jackson.core\jackson-core\2.9.8\f5a654e4675769c716e5b387830d19b501ca191\jackson-core-2.9.8.jar
[0m[32m[D][0m   => C:\Users\Bert\.gradle\caches\modules-2\files-2.1\com.fasterxml.jackson.core\jackson-databind\2.2.3\3ae380888029daefb91d3ecdca3a37d8cb92bc9\jackson-databind-2.2.3.jar
[0m[32m[D][0m   => C:\Users\Bert\.gradle\caches\modules-2\files-2.1\com.fasterxml.jackson.dataformat\jackson-dataformat-yaml\2.9.8\a1c807329eb0c75976aeb5961a506b3516ffeae3\jackson-dataformat-yaml-2.9.8.jar
[0m[32m[D][0m   => C:\Users\Bert\.gradle\caches\modules-2\files-2.1\com.google.protobuf\protobuf-java\3.7.0\dbb5e9230a91f2a6d011096c2b9c10a5a6e5f7f2\protobuf-java-3.7.0.jar
[0m[32m[D][0m   => C:\Users\Bert\.gradle\caches\modules-2\files-2.1\com.vladsch.flexmark\flexmark-ext-anchorlink\0.42.12\afe70dca51a56e11223fef50e2cc341575d61553\flexmark-ext-anchorlink-0.42.12.jar
[0m[32m[D][0m   => C:\Users\Bert\.gradle\caches\modules-2\files-2.1\com.vladsch.flexmark\flexmark-ext-autolink\0.42.12\2ab3a1f43ab2085dc91d43215911979277f6f59b\flexmark-ext-autolink-0.42.12.jar
[0m[32m[D][0m   => C:\Users\Bert\.gradle\caches\modules-2\files-2.1\com.vladsch.flexmark\flexmark-ext-emoji\0.42.12\f0af5fc53c79f63e03c2d49f79550ee486999bb3\flexmark-ext-emoji-0.42.12.jar
[0m[32m[D][0m   => C:\Users\Bert\.gradle\caches\modules-2\files-2.1\com.vladsch.flexmark\flexmark-ext-gfm-strikethrough\0.42.12\7d74e9e5f0af7cd3450d8c5cc6a0091ca4e3889e\flexmark-ext-gfm-strikethrough-0.42.12.jar
[0m[32m[D][0m   => C:\Users\Bert\.gradle\caches\modules-2\files-2.1\com.vladsch.flexmark\flexmark-ext-gfm-tables\0.42.12\f5240d6c0cf545c043c4ff85d9901b16d63b2e5f\flexmark-ext-gfm-tables-0.42.12.jar
[0m[32m[D][0m   => C:\Users\Bert\.gradle\caches\modules-2\files-2.1\com.vladsch.flexmark\flexmark-ext-gfm-tasklist\0.42.12\bdc5f0b4eaeb518433105c7be7da0c36e8bc7ad1\flexmark-ext-gfm-tasklist-0.42.12.jar
[0m[32m[D][0m   => C:\Users\Bert\.gradle\caches\modules-2\files-2.1\com.vladsch.flexmark\flexmark-ext-ins\0.42.12\757ece03a334461467eecc53a5a444e8229e4ae6\flexmark-ext-ins-0.42.12.jar
[0m[32m[D][0m   => C:\Users\Bert\.gradle\caches\modules-2\files-2.1\com.vladsch.flexmark\flexmark-ext-superscript\0.42.12\931585a8a1b984c7a9c516c133503231178fcd0d\flexmark-ext-superscript-0.42.12.jar
[0m[32m[D][0m   => C:\Users\Bert\.gradle\caches\modules-2\files-2.1\com.vladsch.flexmark\flexmark-ext-tables\0.42.12\1c7b0753b89929839e174623b572a5fe5a5d4f4b\flexmark-ext-tables-0.42.12.jar
[0m[32m[D][0m   => C:\Users\Bert\.gradle\caches\modules-2\files-2.1\com.vladsch.flexmark\flexmark-ext-wikilink\0.42.12\4925281a6b0ecd85abf1ec69b24a66ab7fe8fc13\flexmark-ext-wikilink-0.42.12.jar
[0m[32m[D][0m   => C:\Users\Bert\.gradle\caches\modules-2\files-2.1\com.vladsch.flexmark\flexmark-ext-yaml-front-matter\0.42.12\1d1dc4fc06640b822f5d494fedc50f9084bcb4cb\flexmark-ext-yaml-front-matter-0.42.12.jar
[0m[32m[D][0m   => C:\Users\Bert\.gradle\caches\modules-2\files-2.1\com.vladsch.flexmark\flexmark-formatter\0.42.12\4e59a7db95b222ea7b3d9232538225e13fd49361\flexmark-formatter-0.42.12.jar
[0m[32m[D][0m   => C:\Users\Bert\.gradle\caches\modules-2\files-2.1\com.vladsch.flexmark\flexmark-html-parser\0.42.12\b38f21a54c0ff7382bceb0f9eb8e75ec577692de\flexmark-html-parser-0.42.12.jar
[0m[32m[D][0m   => C:\Users\Bert\.gradle\caches\modules-2\files-2.1\com.vladsch.flexmark\flexmark-jira-converter\0.42.12\5d5ded184937a872bf0be65418785be55ba52df5\flexmark-jira-converter-0.42.12.jar
[0m[32m[D][0m   => C:\Users\Bert\.gradle\caches\modules-2\files-2.1\com.vladsch.flexmark\flexmark-util\0.42.12\d138401b9ab2a32f15f48705257bef18baeab5d5\flexmark-util-0.42.12.jar
[0m[32m[D][0m   => C:\Users\Bert\.gradle\caches\modules-2\files-2.1\com.vladsch.flexmark\flexmark\0.42.12\154f847d06d0b153d670a9a9bd78d0d573b24af3\flexmark-0.42.12.jar
[0m[32m[D][0m   => C:\Users\Bert\.gradle\caches\modules-2\files-2.1\net.java.dev.jna\jna\5.3.1\6eb9d07456c56b9c2560722e90382252f0f98405\jna-5.3.1.jar
[0m[32m[D][0m   => C:\Users\Bert\.gradle\caches\modules-2\files-2.1\nl.big-o\liqp\0.6.7\25981e683f3d169376da97dcf5e29914ffe04f75\liqp-0.6.7.jar
[0m[32m[D][0m   => C:\Users\Bert\.gradle\caches\modules-2\files-2.1\org.antlr\ST4\4.0.7\c013c5d7365477500eee744b65257c72f06e5ee\ST4-4.0.7.jar
[0m[32m[D][0m   => C:\Users\Bert\.gradle\caches\modules-2\files-2.1\org.antlr\antlr-runtime\3.5.1\687cc3df4cf76f7161f83a64a3e8187e3ce9d022\antlr-runtime-3.5.1.jar
[0m[32m[D][0m   => C:\Users\Bert\.gradle\caches\modules-2\files-2.1\org.antlr\antlr\3.5.1\241595653f0567bc615b2667c4ef9187e2365043\antlr-3.5.1.jar
[0m[32m[D][0m   => C:\Users\Bert\.gradle\caches\modules-2\files-2.1\org.jline\jline-reader\3.19.0\645d72953711ee4e61705bc5e576fdd1f22c087\jline-reader-3.19.0.jar
[0m[32m[D][0m   => C:\Users\Bert\.gradle\caches\modules-2\files-2.1\org.jline\jline-terminal-jna\3.19.0\c9f9071612424157ca3d5a774a42f2c9b44c10ef\jline-terminal-jna-3.19.0.jar
[0m[32m[D][0m   => C:\Users\Bert\.gradle\caches\modules-2\files-2.1\org.jline\jline-terminal\3.19.0\d4a75a8be7490c8529c029d6baa59e838f45f22e\jline-terminal-3.19.0.jar
[0m[32m[D][0m   => C:\Users\Bert\.gradle\caches\modules-2\files-2.1\org.jsoup\jsoup\1.13.1\f9577f3732bb7caa4fee8aba5053158f4010c118\jsoup-1.13.1.jar
[0m[32m[D][0m   => C:\Users\Bert\.gradle\caches\modules-2\files-2.1\org.nibor.autolink\autolink\0.6.0\3986d016a14e8c81afeec752f19af29b20e8367b\autolink-0.6.0.jar
[0m[32m[D][0m   => C:\Users\Bert\.gradle\caches\modules-2\files-2.1\org.scala-lang.modules\scala-asm\9.1.0-scala-1\90aaa7fb03763340aedabe0caddda89e46d7842c\scala-asm-9.1.0-scala-1.jar
[0m[32m[D][0m   => C:\Users\Bert\.gradle\caches\modules-2\files-2.1\org.scala-lang\scala-library\2.13.6\ed7a2f528c7389ea65746c22a01031613d98ab3d\scala-library-2.13.6.jar
[0m[32m[D][0m   => C:\Users\Bert\.gradle\caches\modules-2\files-2.1\org.scala-lang\scala3-compiler_3\3.1.0\5666f3d876db2b34a3c70dc1c377fbb56b7c3f03\scala3-compiler_3-3.1.0.jar
[0m[32m[D][0m   => C:\Users\Bert\.gradle\caches\modules-2\files-2.1\org.scala-lang\scala3-interfaces\3.1.0\e0f6a2122e687314d7601ae4ce08a0075d073306\scala3-interfaces-3.1.0.jar
[0m[32m[D][0m   => C:\Users\Bert\.gradle\caches\modules-2\files-2.1\org.scala-lang\scala3-library_3\3.1.0\c04dbffc2e8eb159dcc31e9db3fb2618de13cf0d\scala3-library_3-3.1.0.jar
[0m[32m[D][0m   => C:\Users\Bert\.gradle\caches\modules-2\files-2.1\org.scala-lang\scala3-sbt-bridge\3.1.0\c2313ea18600e93c0ba415e52304b9d42125bc7f\scala3-sbt-bridge-3.1.0.jar
[0m[32m[D][0m   => C:\Users\Bert\.gradle\caches\modules-2\files-2.1\org.scala-lang\scala3-tasty-inspector_3\3.1.0\9608e41862b53297d9480520e77e2c7466f5e335\scala3-tasty-inspector_3-3.1.0.jar
[0m[32m[D][0m   => C:\Users\Bert\.gradle\caches\modules-2\files-2.1\org.scala-lang\scaladoc_3\3.1.0\4e735270f9294b262662e459f77aaa36f7dbdba5\scaladoc_3-3.1.0.jar
[0m[32m[D][0m   => C:\Users\Bert\.gradle\caches\modules-2\files-2.1\org.scala-lang\tasty-core_3\3.1.0\b4bdeb64cef40d6e35cc39d758ff11796da8d91f\tasty-core_3-3.1.0.jar
[0m[32m[D][0m   => C:\Users\Bert\.gradle\caches\modules-2\files-2.1\org.scala-sbt\compiler-interface\1.3.5\1f7379ff56b1795b523838cd06ff24272104c380\compiler-interface-1.3.5.jar
[0m[32m[D][0m   => C:\Users\Bert\.gradle\caches\modules-2\files-2.1\org.scala-sbt\util-interface\1.3.0\edc7556e112da142bf7e9ead1440d024fd3314c4\util-interface-1.3.0.jar
[0m[32m[D][0m   => C:\Users\Bert\.gradle\caches\modules-2\files-2.1\org.yaml\snakeyaml\1.23\ec62d74fe50689c28c0ff5b35d3aebcaa8b5be68\snakeyaml-1.23.jar
[0m[32m[D][0m Missing analysis file for project 'scala-gradle-example-test'
[0m[32m[D][0m Loading previous analysis for 'scala-gradle-example' from 'C:\msys64\home\Bert\projects\scala-gradle-example\.bloop\scala-gradle-example\build\scala-gradle-example-analysis.bin'.
[0m[32m[D][0m Waiting for a connection at 127.0.0.1:25803...
The server is listening for incoming connections at tcp://127.0.0.1:25803...
Starting thread that pumps stdin and redirects it to the bsp server...
Starting thread that pumps server stdout and redirects it to the client stdout...
[0m2021.12.29 12:06:34 INFO  tracing is disabled for protocol BSP, to enable tracing of incoming and outgoing JSON messages create an empty file at C:\Users\Bert\AppData\Local\scalameta\metals\cache\bsp.trace.json[0m
[0m2021.12.29 12:06:34 INFO  time: Connected to build server in 5.06s[0m
[0m2021.12.29 12:06:34 INFO  Connected to Build server: Bloop v1.4.11[0m
[0m2021.12.29 12:06:34 INFO  time: Imported build in 0.14s[0m
[0m2021.12.29 12:06:35 INFO  time: code lens generation in 5.34s[0m
[0m2021.12.29 12:06:37 INFO  no build target: using presentation compiler with only scala-library: 3.1.0[0m
[0m2021.12.29 12:06:37 INFO  time: indexed workspace in 2.96s[0m
[0m2021.12.29 12:06:37 INFO  time: code lens generation in 7.25s[0m
[0m2021.12.29 12:06:38 INFO  compiling scala-gradle-example-test (1 scala source)[0m
[0m2021.12.29 12:06:41 INFO  time: compiled scala-gradle-example-test in 2.78s[0m
Dec 29, 2021 12:08:18 PM org.eclipse.lsp4j.jsonrpc.RemoteEndpoint handleCancellation
WARNING: Unmatched cancel notification for request id 28
Dec 29, 2021 12:08:18 PM org.eclipse.lsp4j.jsonrpc.RemoteEndpoint handleCancellation
WARNING: Unmatched cancel notification for request id 29
[0m2021.12.29 12:08:18 INFO  compiling scala-gradle-example (1 scala source)[0m
[0m2021.12.29 12:08:18 INFO  time: compiled scala-gradle-example in 0.88s[0m
[0m2021.12.29 12:08:21 INFO  compiling scala-gradle-example (1 scala source)[0m
[0m2021.12.29 12:08:21 INFO  time: compiled scala-gradle-example in 0.17s[0m
[0m2021.12.29 12:08:24 ERROR scalafmt: C:\msys64\home\Bert\projects\scala-gradle-example\src\main\scala\scala\services\authenticationService.scala:29: error: [dialect scala3] illegal start of simple expression
    val keystoreVal = KeyStoreOptions(password = "secret", path = "keystore.jceks")
    ^[0m
[0m2021.12.29 12:08:24 INFO  compiling scala-gradle-example (1 scala source)[0m
[0m2021.12.29 12:08:24 INFO  time: compiled scala-gradle-example in 0.12s[0m
[0m2021.12.29 12:08:29 INFO  compiling scala-gradle-example (1 scala source)[0m
[0m2021.12.29 12:08:29 INFO  time: compiled scala-gradle-example in 0.18s[0m
[0m2021.12.29 12:08:37 INFO  compiling scala-gradle-example (1 scala source)[0m
[0m2021.12.29 12:08:37 INFO  time: compiled scala-gradle-example in 0.35s[0m
[0m2021.12.29 12:10:37 INFO  compiling scala-gradle-example (1 scala source)[0m
[0m2021.12.29 12:10:37 INFO  time: compiled scala-gradle-example in 0.27s[0m
[0m2021.12.29 12:10:39 INFO  compiling scala-gradle-example (1 scala source)[0m
[0m2021.12.29 12:10:39 INFO  time: compiled scala-gradle-example in 0.13s[0m
[0m2021.12.29 12:10:41 INFO  compiling scala-gradle-example (1 scala source)[0m
[0m2021.12.29 12:10:41 INFO  time: compiled scala-gradle-example in 0.25s[0m
Exception in thread "pool-5-thread-1" java.lang.ClassCastException: class dotty.tools.dotc.core.Symbols$NoSymbol$ cannot be cast to class dotty.tools.dotc.core.Symbols$ClassSymbol (dotty.tools.dotc.core.Symbols$NoSymbol$ and dotty.tools.dotc.core.Symbols$ClassSymbol are in unnamed module of loader java.net.URLClassLoader @2734eae0)
	at dotty.tools.dotc.core.Symbols$Symbol.asClass(Symbols.scala:172)
	at scala.meta.internal.pc.PcDefinitionProvider.enclosingSymbols(PcDefinitionProvider.scala:118)
	at scala.meta.internal.pc.PcDefinitionProvider.findDefinitions(PcDefinitionProvider.scala:71)
	at scala.meta.internal.pc.PcDefinitionProvider.definitions(PcDefinitionProvider.scala:60)
	at scala.meta.internal.pc.ScalaPresentationCompiler.definition$$anonfun$1(ScalaPresentationCompiler.scala:207)
	at scala.meta.internal.pc.CompilerAccess.withSharedCompiler(CompilerAccess.scala:137)
	at scala.meta.internal.pc.CompilerAccess.withNonInterruptableCompiler$$anonfun$1(CompilerAccess.scala:125)
	at scala.meta.internal.pc.CompilerAccess.onCompilerJobQueue$$anonfun$1(CompilerAccess.scala:197)
	at scala.meta.internal.pc.CompilerJobQueue$Job.run(CompilerJobQueue.scala:139)
	at java.base/java.util.concurrent.ThreadPoolExecutor.runWorker(ThreadPoolExecutor.java:1136)
	at java.base/java.util.concurrent.ThreadPoolExecutor$Worker.run(ThreadPoolExecutor.java:635)
	at java.base/java.lang.Thread.run(Thread.java:833)
[0m2021.12.29 12:10:46 INFO  compiling scala-gradle-example (1 scala source)[0m
Exception in thread "pool-5-thread-2" java.lang.ClassCastException: class dotty.tools.dotc.core.Symbols$NoSymbol$ cannot be cast to class dotty.tools.dotc.core.Symbols$ClassSymbol (dotty.tools.dotc.core.Symbols$NoSymbol$ and dotty.tools.dotc.core.Symbols$ClassSymbol are in unnamed module of loader java.net.URLClassLoader @2734eae0)
	at dotty.tools.dotc.core.Symbols$Symbol.asClass(Symbols.scala:172)
	at scala.meta.internal.pc.PcDefinitionProvider.enclosingSymbols(PcDefinitionProvider.scala:118)
	at scala.meta.internal.pc.PcDefinitionProvider.findDefinitions(PcDefinitionProvider.scala:71)
	at scala.meta.internal.pc.PcDefinitionProvider.definitions(PcDefinitionProvider.scala:60)
	at scala.meta.internal.pc.ScalaPresentationCompiler.definition$$anonfun$1(ScalaPresentationCompiler.scala:207)
	at scala.meta.internal.pc.CompilerAccess.withSharedCompiler(CompilerAccess.scala:137)
	at scala.meta.internal.pc.CompilerAccess.withNonInterruptableCompiler$$anonfun$1(CompilerAccess.scala:125)
	at scala.meta.internal.pc.CompilerAccess.onCompilerJobQueue$$anonfun$1(CompilerAccess.scala:197)
	at scala.meta.internal.pc.CompilerJobQueue$Job.run(CompilerJobQueue.scala:139)
	at java.base/java.util.concurrent.ThreadPoolExecutor.runWorker(ThreadPoolExecutor.java:1136)
	at java.base/java.util.concurrent.ThreadPoolExecutor$Worker.run(ThreadPoolExecutor.java:635)
	at java.base/java.lang.Thread.run(Thread.java:833)
[0m2021.12.29 12:10:46 INFO  time: compiled scala-gradle-example in 0.13s[0m
[0m2021.12.29 12:10:54 INFO  compiling scala-gradle-example (1 scala source)[0m
[0m2021.12.29 12:10:54 INFO  time: compiled scala-gradle-example in 0.13s[0m
[0m2021.12.29 12:10:55 INFO  compiling scala-gradle-example (1 scala source)[0m
[0m2021.12.29 12:10:55 INFO  time: compiled scala-gradle-example in 0.12s[0m
[0m2021.12.29 12:10:55 INFO  compiling scala-gradle-example (1 scala source)[0m
[0m2021.12.29 12:10:55 INFO  time: compiled scala-gradle-example in 0.12s[0m
[0m2021.12.29 12:11:00 INFO  compiling scala-gradle-example (1 scala source)[0m
[0m2021.12.29 12:11:00 INFO  time: compiled scala-gradle-example in 0.11s[0m
[0m2021.12.29 12:11:00 INFO  compiling scala-gradle-example (1 scala source)[0m
[0m2021.12.29 12:11:01 INFO  time: compiled scala-gradle-example in 0.12s[0m
[0m2021.12.29 12:11:01 INFO  compiling scala-gradle-example (1 scala source)[0m
[0m2021.12.29 12:11:01 INFO  time: compiled scala-gradle-example in 0.11s[0m
[0m2021.12.29 12:11:05 INFO  compiling scala-gradle-example (1 scala source)[0m
[0m2021.12.29 12:11:05 INFO  time: compiled scala-gradle-example in 92ms[0m
Exception in thread "pool-5-thread-3" java.lang.ClassCastException: class dotty.tools.dotc.core.Symbols$NoSymbol$ cannot be cast to class dotty.tools.dotc.core.Symbols$ClassSymbol (dotty.tools.dotc.core.Symbols$NoSymbol$ and dotty.tools.dotc.core.Symbols$ClassSymbol are in unnamed module of loader java.net.URLClassLoader @2734eae0)
	at dotty.tools.dotc.core.Symbols$Symbol.asClass(Symbols.scala:172)
	at dotty.tools.dotc.interactive.Interactive$.enclosingSourceSymbols(Interactive.scala:111)
	at scala.meta.internal.pc.ScalaPresentationCompiler.hover$$anonfun$1(ScalaPresentationCompiler.scala:307)
	at scala.meta.internal.pc.CompilerAccess.withSharedCompiler(CompilerAccess.scala:137)
	at scala.meta.internal.pc.CompilerAccess.withNonInterruptableCompiler$$anonfun$1(CompilerAccess.scala:125)
	at scala.meta.internal.pc.CompilerAccess.onCompilerJobQueue$$anonfun$1(CompilerAccess.scala:197)
	at scala.meta.internal.pc.CompilerJobQueue$Job.run(CompilerJobQueue.scala:139)
	at java.base/java.util.concurrent.ThreadPoolExecutor.runWorker(ThreadPoolExecutor.java:1136)
	at java.base/java.util.concurrent.ThreadPoolExecutor$Worker.run(ThreadPoolExecutor.java:635)
	at java.base/java.lang.Thread.run(Thread.java:833)
Exception in thread "pool-5-thread-4" java.lang.ClassCastException
[0m2021.12.29 12:11:20 INFO  compiling scala-gradle-example (1 scala source)[0m
[0m2021.12.29 12:11:20 INFO  time: compiled scala-gradle-example in 89ms[0m
[0m2021.12.29 12:11:24 INFO  compiling scala-gradle-example (1 scala source)[0m
[0m2021.12.29 12:11:24 INFO  time: compiled scala-gradle-example in 0.11s[0m
[0m2021.12.29 12:11:29 INFO  compiling scala-gradle-example (1 scala source)[0m
[0m2021.12.29 12:11:29 INFO  time: compiled scala-gradle-example in 88ms[0m
Exception in thread "pool-5-thread-5" java.lang.IllegalArgumentException: requirement failed: method apply
	at scala.Predef$.require(Predef.scala:337)
	at dotty.tools.dotc.ast.TypedTreeInfo.defPath(TreeInfo.scala:775)
	at dotty.tools.dotc.ast.TypedTreeInfo.defPath$(TreeInfo.scala:394)
	at dotty.tools.dotc.ast.tpd$.defPath(tpd.scala:22)
	at dotty.tools.dotc.interactive.Interactive$.enclosingSourceSymbols(Interactive.scala:114)
	at scala.meta.internal.pc.ScalaPresentationCompiler.hover$$anonfun$1(ScalaPresentationCompiler.scala:307)
	at scala.meta.internal.pc.CompilerAccess.withSharedCompiler(CompilerAccess.scala:137)
	at scala.meta.internal.pc.CompilerAccess.withNonInterruptableCompiler$$anonfun$1(CompilerAccess.scala:125)
	at scala.meta.internal.pc.CompilerAccess.onCompilerJobQueue$$anonfun$1(CompilerAccess.scala:197)
	at scala.meta.internal.pc.CompilerJobQueue$Job.run(CompilerJobQueue.scala:139)
	at java.base/java.util.concurrent.ThreadPoolExecutor.runWorker(ThreadPoolExecutor.java:1136)
	at java.base/java.util.concurrent.ThreadPoolExecutor$Worker.run(ThreadPoolExecutor.java:635)
	at java.base/java.lang.Thread.run(Thread.java:833)
[0m2021.12.29 12:13:48 INFO  compiling scala-gradle-example (1 scala source)[0m
[0m2021.12.29 12:13:48 INFO  time: compiled scala-gradle-example in 0.21s[0m
[0m2021.12.29 12:16:37 INFO  compiling scala-gradle-example (1 scala source)[0m
[0m2021.12.29 12:16:37 INFO  time: compiled scala-gradle-example in 0.32s[0m
[0m2021.12.29 12:16:41 INFO  compiling scala-gradle-example (1 scala source)[0m
[0m2021.12.29 12:16:41 INFO  time: compiled scala-gradle-example in 95ms[0m
[0m2021.12.29 12:16:43 INFO  compiling scala-gradle-example (1 scala source)[0m
[0m2021.12.29 12:16:43 INFO  time: compiled scala-gradle-example in 0.2s[0m
[0m2021.12.29 12:16:50 INFO  compiling scala-gradle-example (1 scala source)[0m
[0m2021.12.29 12:16:50 INFO  time: compiled scala-gradle-example in 0.19s[0m
[0m2021.12.29 12:17:59 INFO  compiling scala-gradle-example (1 scala source)[0m
[0m2021.12.29 12:17:59 INFO  time: compiled scala-gradle-example in 0.29s[0m
[0m2021.12.29 12:18:02 INFO  compiling scala-gradle-example (1 scala source)[0m
[0m2021.12.29 12:18:02 INFO  time: compiled scala-gradle-example in 0.25s[0m
[0m2021.12.29 12:18:03 INFO  compiling scala-gradle-example (1 scala source)[0m
[0m2021.12.29 12:18:03 INFO  time: compiled scala-gradle-example in 0.23s[0m
[0m2021.12.29 12:18:06 INFO  compiling scala-gradle-example (1 scala source)[0m
[0m2021.12.29 12:18:06 INFO  time: compiled scala-gradle-example in 0.23s[0m
[0m2021.12.29 12:18:13 INFO  compiling scala-gradle-example (1 scala source)[0m
[0m2021.12.29 12:18:13 INFO  time: compiled scala-gradle-example in 0.44s[0m
[0m2021.12.29 12:18:17 INFO  compiling scala-gradle-example (1 scala source)[0m
[0m2021.12.29 12:18:17 INFO  time: compiled scala-gradle-example in 0.42s[0m
[0m2021.12.29 12:18:17 INFO  compiling scala-gradle-example (1 scala source)[0m
[0m2021.12.29 12:18:18 INFO  time: compiled scala-gradle-example in 0.22s[0m
[0m2021.12.29 12:18:20 INFO  compiling scala-gradle-example (1 scala source)[0m
[0m2021.12.29 12:18:20 INFO  time: compiled scala-gradle-example in 0.2s[0m
[0m2021.12.29 12:18:21 INFO  compiling scala-gradle-example (1 scala source)[0m
[0m2021.12.29 12:18:21 INFO  time: compiled scala-gradle-example in 0.23s[0m
[0m2021.12.29 12:18:27 INFO  compiling scala-gradle-example (1 scala source)[0m
[0m2021.12.29 12:18:27 INFO  time: compiled scala-gradle-example in 0.21s[0m
[0m2021.12.29 12:18:50 INFO  compiling scala-gradle-example (1 scala source)[0m
[0m2021.12.29 12:18:50 INFO  time: compiled scala-gradle-example in 0.36s[0m
[0m2021.12.29 12:18:51 INFO  compiling scala-gradle-example (1 scala source)[0m
[0m2021.12.29 12:18:51 INFO  time: compiled scala-gradle-example in 0.35s[0m
[0m2021.12.29 12:18:53 INFO  C:\msys64\home\Bert\projects\scala-gradle-example\src\main\scala\scala\gradle\example\Users.scala:27:9: stale bloop error: value getS is not a member of io.vertx.core.json.JsonObject - did you mean body.getMap?
        body.getS
        ^^^^^^^^^[0m
[0m2021.12.29 12:18:53 INFO  C:\msys64\home\Bert\projects\scala-gradle-example\src\main\scala\scala\gradle\example\Users.scala:27:9: stale bloop error: value getS is not a member of io.vertx.core.json.JsonObject - did you mean body.getMap?
        body.getS
        ^^^^^^^^^[0m
[0m2021.12.29 12:19:14 INFO  compiling scala-gradle-example (1 scala source)[0m
[0m2021.12.29 12:19:14 INFO  time: compiled scala-gradle-example in 0.22s[0m
[0m2021.12.29 12:19:18 INFO  compiling scala-gradle-example (1 scala source)[0m
[0m2021.12.29 12:19:18 INFO  time: compiled scala-gradle-example in 0.23s[0m
[0m2021.12.29 12:20:51 INFO  compiling scala-gradle-example (1 scala source)[0m
[0m2021.12.29 12:20:51 INFO  time: compiled scala-gradle-example in 0.2s[0m
[0m2021.12.29 12:20:53 INFO  compiling scala-gradle-example (1 scala source)[0m
[0m2021.12.29 12:20:53 INFO  time: compiled scala-gradle-example in 0.64s[0m
[0m2021.12.29 12:21:37 INFO  compiling scala-gradle-example (1 scala source)[0m
[0m2021.12.29 12:21:37 INFO  time: compiled scala-gradle-example in 0.45s[0m
[0m2021.12.29 12:21:49 INFO  compiling scala-gradle-example (1 scala source)[0m
[0m2021.12.29 12:21:49 INFO  time: compiled scala-gradle-example in 0.36s[0m
[0m2021.12.29 12:21:57 INFO  compiling scala-gradle-example (1 scala source)[0m
[0m2021.12.29 12:21:57 INFO  time: compiled scala-gradle-example in 0.34s[0m
[0m2021.12.29 12:21:59 INFO  compiling scala-gradle-example (1 scala source)[0m
[0m2021.12.29 12:21:59 INFO  time: compiled scala-gradle-example in 0.46s[0m
[0m2021.12.29 12:22:01 INFO  compiling scala-gradle-example (1 scala source)[0m
[0m2021.12.29 12:22:01 INFO  time: compiled scala-gradle-example in 0.15s[0m
[0m2021.12.29 12:22:10 INFO  compiling scala-gradle-example (1 scala source)[0m
[0m2021.12.29 12:22:10 INFO  time: compiled scala-gradle-example in 0.17s[0m
[0m2021.12.29 12:22:12 ERROR scalafmt: C:\msys64\home\Bert\projects\scala-gradle-example\src\main\scala\scala\gradle\example\App.scala:49: error: [dialect scala3] ; expected but integer constant found
        val username = body.getString("username")3
                                                 ^[0m
[0m2021.12.29 12:22:12 INFO  compiling scala-gradle-example (1 scala source)[0m
[0m2021.12.29 12:22:12 INFO  time: compiled scala-gradle-example in 0.2s[0m
[0m2021.12.29 12:22:14 ERROR scalafmt: C:\msys64\home\Bert\projects\scala-gradle-example\src\main\scala\scala\gradle\example\App.scala:49: error: [dialect scala3] ; expected but integer constant found
        val username = body.getString("username")3
                                                 ^[0m
[0m2021.12.29 12:22:14 INFO  compiling scala-gradle-example (1 scala source)[0m
[0m2021.12.29 12:22:14 INFO  time: compiled scala-gradle-example in 0.14s[0m
[0m2021.12.29 12:22:16 ERROR scalafmt: C:\msys64\home\Bert\projects\scala-gradle-example\src\main\scala\scala\gradle\example\App.scala:49: error: [dialect scala3] ; expected but integer constant found
        val username = body.getString("username")3
                                                 ^[0m
[0m2021.12.29 12:22:16 INFO  compiling scala-gradle-example (1 scala source)[0m
[0m2021.12.29 12:22:16 INFO  time: compiled scala-gradle-example in 0.15s[0m
[0m2021.12.29 12:22:17 INFO  compiling scala-gradle-example (1 scala source)[0m
[0m2021.12.29 12:22:17 INFO  time: compiled scala-gradle-example in 0.32s[0m
[0m2021.12.29 12:24:01 INFO  compiling scala-gradle-example (1 scala source)[0m
[0m2021.12.29 12:24:01 INFO  time: compiled scala-gradle-example in 0.17s[0m
[0m2021.12.29 12:24:03 INFO  compiling scala-gradle-example (1 scala source)[0m
[0m2021.12.29 12:24:03 INFO  time: compiled scala-gradle-example in 62ms[0m
[0m2021.12.29 12:24:04 INFO  compiling scala-gradle-example (1 scala source)[0m
[0m2021.12.29 12:24:04 INFO  time: compiled scala-gradle-example in 0.15s[0m
[0m2021.12.29 12:24:48 INFO  compiling scala-gradle-example (1 scala source)[0m
[0m2021.12.29 12:24:48 INFO  time: compiled scala-gradle-example in 0.24s[0m
***** missing reference, looking for AclToken/T in package io.vertx.ext.consul
decls = Scope{}
[0m2021.12.29 12:24:55 INFO  compiling scala-gradle-example (1 scala source)[0m
[0m2021.12.29 12:24:55 INFO  time: compiled scala-gradle-example in 0.24s[0m
[0m2021.12.29 12:24:57 INFO  compiling scala-gradle-example (1 scala source)[0m
[0m2021.12.29 12:24:57 INFO  time: compiled scala-gradle-example in 0.24s[0m
[0m2021.12.29 12:25:36 INFO  compiling scala-gradle-example (1 scala source)[0m
[0m2021.12.29 12:25:36 INFO  time: compiled scala-gradle-example in 53ms[0m
[0m2021.12.29 12:25:37 INFO  compiling scala-gradle-example (1 scala source)[0m
[0m2021.12.29 12:25:37 INFO  time: compiled scala-gradle-example in 0.15s[0m
[0m2021.12.29 12:25:37 INFO  compiling scala-gradle-example (1 scala source)[0m
[0m2021.12.29 12:25:37 INFO  time: compiled scala-gradle-example in 0.3s[0m
[0m2021.12.29 12:25:42 INFO  compiling scala-gradle-example (1 scala source)[0m
[0m2021.12.29 12:25:42 INFO  time: compiled scala-gradle-example in 0.14s[0m
[0m2021.12.29 12:28:38 INFO  compiling scala-gradle-example (1 scala source)[0m
[0m2021.12.29 12:28:38 INFO  time: compiled scala-gradle-example in 80ms[0m
[0m2021.12.29 12:29:00 INFO  compiling scala-gradle-example (1 scala source)[0m
[0m2021.12.29 12:29:00 INFO  time: compiled scala-gradle-example in 28ms[0m
[0m2021.12.29 12:29:02 INFO  compiling scala-gradle-example (1 scala source)[0m
[0m2021.12.29 12:29:02 INFO  time: compiled scala-gradle-example in 32ms[0m
[0m2021.12.29 12:29:04 INFO  compiling scala-gradle-example (1 scala source)[0m
[0m2021.12.29 12:29:04 INFO  time: compiled scala-gradle-example in 85ms[0m
[0m2021.12.29 12:29:07 INFO  compiling scala-gradle-example (1 scala source)[0m
[0m2021.12.29 12:29:07 INFO  time: compiled scala-gradle-example in 80ms[0m
[0m2021.12.29 12:29:16 INFO  compiling scala-gradle-example (1 scala source)[0m
[0m2021.12.29 12:29:16 INFO  time: compiled scala-gradle-example in 0.15s[0m
[0m2021.12.29 12:29:22 INFO  compiling scala-gradle-example (1 scala source)[0m
[0m2021.12.29 12:29:22 INFO  time: compiled scala-gradle-example in 0.14s[0m
[0m2021.12.29 12:29:28 INFO  compiling scala-gradle-example (1 scala source)[0m
[0m2021.12.29 12:29:28 INFO  time: compiled scala-gradle-example in 39ms[0m
[0m2021.12.29 12:29:35 INFO  compiling scala-gradle-example (1 scala source)[0m
[0m2021.12.29 12:29:35 INFO  time: compiled scala-gradle-example in 82ms[0m
[0m2021.12.29 12:29:36 INFO  compiling scala-gradle-example (1 scala source)[0m
[0m2021.12.29 12:29:36 INFO  time: compiled scala-gradle-example in 0.17s[0m
[0m2021.12.29 12:30:22 INFO  compiling scala-gradle-example (1 scala source)[0m
[0m2021.12.29 12:30:22 INFO  time: compiled scala-gradle-example in 0.28s[0m
[0m2021.12.29 12:30:24 INFO  compiling scala-gradle-example (1 scala source)[0m
[0m2021.12.29 12:30:24 INFO  time: compiled scala-gradle-example in 0.16s[0m
[0m2021.12.29 12:30:31 INFO  compiling scala-gradle-example-test (1 scala source)[0m
[0m2021.12.29 12:30:31 INFO  time: compiled scala-gradle-example-test in 0.32s[0m
[0m2021.12.29 12:30:33 INFO  compiling scala-gradle-example (1 scala source)[0m
[0m2021.12.29 12:30:33 INFO  time: compiled scala-gradle-example in 0.14s[0m
[0m2021.12.29 12:30:33 INFO  compiling scala-gradle-example (1 scala source)[0m
[0m2021.12.29 12:30:33 INFO  time: compiled scala-gradle-example in 0.14s[0m
[0m2021.12.29 12:30:35 INFO  compiling scala-gradle-example (1 scala source)[0m
[0m2021.12.29 12:30:35 INFO  time: compiled scala-gradle-example in 0.31s[0m
[0m2021.12.29 12:30:39 INFO  compiling scala-gradle-example (1 scala source)[0m
[0m2021.12.29 12:30:39 INFO  time: compiled scala-gradle-example in 0.31s[0m
[0m2021.12.29 12:33:55 INFO  compiling scala-gradle-example (1 scala source)[0m
[0m2021.12.29 12:33:55 INFO  time: compiled scala-gradle-example in 0.16s[0m
Exception in thread "pool-5-thread-6" java.lang.IllegalArgumentException: requirement failed: method apply
	at scala.Predef$.require(Predef.scala:337)
	at dotty.tools.dotc.ast.TypedTreeInfo.defPath(TreeInfo.scala:775)
	at dotty.tools.dotc.ast.TypedTreeInfo.defPath$(TreeInfo.scala:394)
	at dotty.tools.dotc.ast.tpd$.defPath(tpd.scala:22)
	at dotty.tools.dotc.interactive.Interactive$.enclosingSourceSymbols(Interactive.scala:114)
	at scala.meta.internal.pc.ScalaPresentationCompiler.hover$$anonfun$1(ScalaPresentationCompiler.scala:307)
	at scala.meta.internal.pc.CompilerAccess.withSharedCompiler(CompilerAccess.scala:137)
	at scala.meta.internal.pc.CompilerAccess.withNonInterruptableCompiler$$anonfun$1(CompilerAccess.scala:125)
	at scala.meta.internal.pc.CompilerAccess.onCompilerJobQueue$$anonfun$1(CompilerAccess.scala:197)
	at scala.meta.internal.pc.CompilerJobQueue$Job.run(CompilerJobQueue.scala:139)
	at java.base/java.util.concurrent.ThreadPoolExecutor.runWorker(ThreadPoolExecutor.java:1136)
	at java.base/java.util.concurrent.ThreadPoolExecutor$Worker.run(ThreadPoolExecutor.java:635)
	at java.base/java.lang.Thread.run(Thread.java:833)
[0m2021.12.29 12:44:52 INFO  compiling scala-gradle-example (1 scala source)[0m
[0m2021.12.29 12:44:52 INFO  time: compiled scala-gradle-example in 0.15s[0m
[0m2021.12.29 12:45:19 INFO  compiling scala-gradle-example (1 scala source)[0m
[0m2021.12.29 12:45:19 INFO  time: compiled scala-gradle-example in 0.17s[0m
[0m2021.12.29 12:45:23 INFO  compiling scala-gradle-example (1 scala source)[0m
[0m2021.12.29 12:45:23 INFO  time: compiled scala-gradle-example in 74ms[0m
[0m2021.12.29 12:45:31 INFO  compiling scala-gradle-example (1 scala source)[0m
[0m2021.12.29 12:45:31 INFO  time: compiled scala-gradle-example in 0.23s[0m
[0m2021.12.29 12:45:35 INFO  compiling scala-gradle-example (1 scala source)[0m
[0m2021.12.29 12:45:35 INFO  time: compiled scala-gradle-example in 72ms[0m
[0m2021.12.29 12:46:33 INFO  compiling scala-gradle-example (1 scala source)[0m
[0m2021.12.29 12:46:33 INFO  time: compiled scala-gradle-example in 89ms[0m
[0m2021.12.29 12:46:34 INFO  compiling scala-gradle-example (1 scala source)[0m
[0m2021.12.29 12:46:34 INFO  time: compiled scala-gradle-example in 71ms[0m
[0m2021.12.29 12:46:34 INFO  compiling scala-gradle-example (1 scala source)[0m
[0m2021.12.29 12:46:35 INFO  time: compiled scala-gradle-example in 78ms[0m
Dec 29, 2021 12:46:38 PM org.eclipse.lsp4j.jsonrpc.RemoteEndpoint handleCancellation
WARNING: Unmatched cancel notification for request id 1988
[0m2021.12.29 12:46:40 INFO  compiling scala-gradle-example (1 scala source)[0m
[0m2021.12.29 12:46:40 INFO  time: compiled scala-gradle-example in 73ms[0m
[0m2021.12.29 12:53:24 INFO  compiling scala-gradle-example (1 scala source)[0m
[0m2021.12.29 12:53:24 INFO  time: compiled scala-gradle-example in 79ms[0m
[0m2021.12.29 12:53:36 INFO  compiling scala-gradle-example (2 scala sources)[0m
[0m2021.12.29 12:53:36 INFO  time: compiled scala-gradle-example in 80ms[0m
[0m2021.12.29 12:53:40 INFO  compiling scala-gradle-example (2 scala sources)[0m
[0m2021.12.29 12:53:40 INFO  time: compiled scala-gradle-example in 72ms[0m
[0m2021.12.29 12:53:44 INFO  compiling scala-gradle-example (2 scala sources)[0m
[0m2021.12.29 12:53:44 INFO  time: compiled scala-gradle-example in 77ms[0m
[0m2021.12.29 12:53:46 INFO  compiling scala-gradle-example (2 scala sources)[0m
[0m2021.12.29 12:53:46 INFO  time: compiled scala-gradle-example in 75ms[0m
[0m2021.12.29 12:53:55 INFO  compiling scala-gradle-example (2 scala sources)[0m
[0m2021.12.29 12:53:55 INFO  time: compiled scala-gradle-example in 75ms[0m
[0m2021.12.29 12:54:00 INFO  compiling scala-gradle-example (2 scala sources)[0m
[0m2021.12.29 12:54:00 INFO  time: compiled scala-gradle-example in 70ms[0m
[0m2021.12.29 12:54:04 INFO  compiling scala-gradle-example (2 scala sources)[0m
[0m2021.12.29 12:54:04 INFO  time: compiled scala-gradle-example in 73ms[0m
[0m2021.12.29 12:54:32 INFO  compiling scala-gradle-example (2 scala sources)[0m
[0m2021.12.29 12:54:32 INFO  time: compiled scala-gradle-example in 70ms[0m
[0m2021.12.29 12:54:43 INFO  compiling scala-gradle-example (2 scala sources)[0m
[0m2021.12.29 12:54:43 INFO  time: compiled scala-gradle-example in 74ms[0m
[0m2021.12.29 12:54:50 INFO  compiling scala-gradle-example (2 scala sources)[0m
[0m2021.12.29 12:54:50 INFO  time: compiled scala-gradle-example in 74ms[0m
[0m2021.12.29 12:54:51 INFO  compiling scala-gradle-example (2 scala sources)[0m
[0m2021.12.29 12:54:51 INFO  time: compiled scala-gradle-example in 0.1s[0m
[0m2021.12.29 12:55:13 INFO  compiling scala-gradle-example (2 scala sources)[0m
[0m2021.12.29 12:55:13 INFO  time: compiled scala-gradle-example in 76ms[0m
[0m2021.12.29 12:55:13 INFO  compiling scala-gradle-example (2 scala sources)[0m
[0m2021.12.29 12:55:14 INFO  time: compiled scala-gradle-example in 70ms[0m
[0m2021.12.29 12:55:14 INFO  compiling scala-gradle-example (2 scala sources)[0m
[0m2021.12.29 12:55:14 INFO  time: compiled scala-gradle-example in 76ms[0m
[0m2021.12.29 12:55:36 INFO  compiling scala-gradle-example (2 scala sources)[0m
[0m2021.12.29 12:55:36 INFO  time: compiled scala-gradle-example in 75ms[0m
[0m2021.12.29 12:55:42 INFO  compiling scala-gradle-example (2 scala sources)[0m
[0m2021.12.29 12:55:42 INFO  time: compiled scala-gradle-example in 72ms[0m
[0m2021.12.29 12:55:48 INFO  compiling scala-gradle-example (2 scala sources)[0m
[0m2021.12.29 12:55:48 INFO  time: compiled scala-gradle-example in 76ms[0m
[0m2021.12.29 12:55:59 INFO  compiling scala-gradle-example (2 scala sources)[0m
[0m2021.12.29 12:55:59 INFO  time: compiled scala-gradle-example in 84ms[0m
[0m2021.12.29 12:56:15 INFO  compiling scala-gradle-example (2 scala sources)[0m
[0m2021.12.29 12:56:15 INFO  time: compiled scala-gradle-example in 72ms[0m
[0m2021.12.29 12:56:24 INFO  compiling scala-gradle-example (2 scala sources)[0m
[0m2021.12.29 12:56:24 INFO  time: compiled scala-gradle-example in 74ms[0m
[0m2021.12.29 12:56:44 INFO  compiling scala-gradle-example (2 scala sources)[0m
[0m2021.12.29 12:56:44 INFO  time: compiled scala-gradle-example in 75ms[0m
[0m2021.12.29 12:59:08 INFO  compiling scala-gradle-example (2 scala sources)[0m
[0m2021.12.29 12:59:08 INFO  time: compiled scala-gradle-example in 0.22s[0m
[0m2021.12.29 12:59:13 INFO  compiling scala-gradle-example (2 scala sources)[0m
[0m2021.12.29 12:59:13 INFO  time: compiled scala-gradle-example in 75ms[0m
[0m2021.12.29 13:02:53 INFO  compiling scala-gradle-example (2 scala sources)[0m
[0m2021.12.29 13:02:53 INFO  time: compiled scala-gradle-example in 77ms[0m
[0m2021.12.29 13:02:54 INFO  compiling scala-gradle-example (2 scala sources)[0m
[0m2021.12.29 13:02:54 INFO  time: compiled scala-gradle-example in 0.21s[0m
[0m2021.12.29 13:02:57 INFO  compiling scala-gradle-example (2 scala sources)[0m
[0m2021.12.29 13:02:57 INFO  time: compiled scala-gradle-example in 75ms[0m
[0m2021.12.29 13:04:38 INFO  compiling scala-gradle-example (2 scala sources)[0m
[0m2021.12.29 13:04:38 INFO  time: compiled scala-gradle-example in 80ms[0m
[0m2021.12.29 13:04:39 INFO  compiling scala-gradle-example (2 scala sources)[0m
[0m2021.12.29 13:04:39 INFO  time: compiled scala-gradle-example in 97ms[0m
[0m2021.12.29 13:04:41 INFO  compiling scala-gradle-example (2 scala sources)[0m
[0m2021.12.29 13:04:41 INFO  time: compiled scala-gradle-example in 80ms[0m
[0m2021.12.29 13:04:45 INFO  compiling scala-gradle-example (2 scala sources)[0m
[0m2021.12.29 13:04:45 INFO  time: compiled scala-gradle-example in 87ms[0m
[0m2021.12.29 13:04:55 INFO  compiling scala-gradle-example (2 scala sources)[0m
[0m2021.12.29 13:04:55 INFO  time: compiled scala-gradle-example in 79ms[0m
[0m2021.12.29 13:13:11 INFO  compiling scala-gradle-example (2 scala sources)[0m
[0m2021.12.29 13:13:11 INFO  time: compiled scala-gradle-example in 78ms[0m
[0m2021.12.29 13:13:13 INFO  compiling scala-gradle-example (2 scala sources)[0m
[0m2021.12.29 13:13:13 INFO  time: compiled scala-gradle-example in 74ms[0m
[0m2021.12.29 13:13:20 INFO  compiling scala-gradle-example (2 scala sources)[0m
[0m2021.12.29 13:13:20 INFO  time: compiled scala-gradle-example in 77ms[0m
[0m2021.12.29 13:13:24 INFO  compiling scala-gradle-example (2 scala sources)[0m
[0m2021.12.29 13:13:24 INFO  time: compiled scala-gradle-example in 0.24s[0m
[0m2021.12.29 13:13:26 INFO  compiling scala-gradle-example (2 scala sources)[0m
[0m2021.12.29 13:13:26 INFO  time: compiled scala-gradle-example in 0.26s[0m
[0m2021.12.29 13:13:29 INFO  compiling scala-gradle-example (2 scala sources)[0m
[0m2021.12.29 13:13:29 INFO  time: compiled scala-gradle-example in 0.17s[0m
[0m2021.12.29 13:13:42 INFO  compiling scala-gradle-example (1 scala source)[0m
[0m2021.12.29 13:13:42 INFO  time: compiled scala-gradle-example in 75ms[0m
[0m2021.12.29 13:13:47 INFO  compiling scala-gradle-example (1 scala source)[0m
[0m2021.12.29 13:13:47 INFO  time: compiled scala-gradle-example in 70ms[0m
[0m2021.12.29 13:13:50 INFO  compiling scala-gradle-example (1 scala source)[0m
[0m2021.12.29 13:13:50 INFO  time: compiled scala-gradle-example in 0.14s[0m
[0m2021.12.29 13:17:36 INFO  compiling scala-gradle-example (1 scala source)[0m
[0m2021.12.29 13:17:36 INFO  time: compiled scala-gradle-example in 0.15s[0m
[0m2021.12.29 13:23:50 INFO  compiling scala-gradle-example (1 scala source)[0m
[0m2021.12.29 13:23:50 INFO  time: compiled scala-gradle-example in 0.27s[0m
[0m2021.12.29 13:23:57 INFO  compiling scala-gradle-example (1 scala source)[0m
[0m2021.12.29 13:23:57 INFO  time: compiled scala-gradle-example in 0.27s[0m
[0m2021.12.29 13:24:06 INFO  compiling scala-gradle-example (1 scala source)[0m
[0m2021.12.29 13:24:06 INFO  time: compiled scala-gradle-example in 0.27s[0m
[0m2021.12.29 13:24:11 INFO  compiling scala-gradle-example (1 scala source)[0m
[0m2021.12.29 13:24:11 INFO  time: compiled scala-gradle-example in 0.12s[0m
[0m2021.12.29 13:24:18 INFO  compiling scala-gradle-example (1 scala source)[0m
[0m2021.12.29 13:24:18 INFO  time: compiled scala-gradle-example in 0.14s[0m
[0m2021.12.29 13:24:21 INFO  compiling scala-gradle-example (1 scala source)[0m
[0m2021.12.29 13:24:21 INFO  time: compiled scala-gradle-example in 0.13s[0m
[0m2021.12.29 13:24:24 INFO  compiling scala-gradle-example (1 scala source)[0m
[0m2021.12.29 13:24:24 INFO  time: compiled scala-gradle-example in 0.14s[0m
[0m2021.12.29 13:24:28 INFO  compiling scala-gradle-example (1 scala source)[0m
[0m2021.12.29 13:24:28 INFO  time: compiled scala-gradle-example in 0.27s[0m
[0m2021.12.29 13:24:34 INFO  compiling scala-gradle-example (1 scala source)[0m
[0m2021.12.29 13:24:34 INFO  time: compiled scala-gradle-example in 0.26s[0m
[0m2021.12.29 13:24:40 INFO  compiling scala-gradle-example (1 scala source)[0m
[0m2021.12.29 13:24:40 INFO  time: compiled scala-gradle-example in 0.26s[0m
[0m2021.12.29 13:26:22 INFO  compiling scala-gradle-example (1 scala source)[0m
[0m2021.12.29 13:26:22 INFO  time: compiled scala-gradle-example in 0.25s[0m
[0m2021.12.29 13:26:29 INFO  compiling scala-gradle-example (1 scala source)[0m
[0m2021.12.29 13:26:29 INFO  time: compiled scala-gradle-example in 0.13s[0m
[0m2021.12.29 13:26:34 INFO  compiling scala-gradle-example (1 scala source)[0m
[0m2021.12.29 13:26:34 INFO  time: compiled scala-gradle-example in 0.25s[0m
[0m2021.12.29 13:28:55 INFO  compiling scala-gradle-example (1 scala source)[0m
[0m2021.12.29 13:28:55 INFO  time: compiled scala-gradle-example in 0.24s[0m
[0m2021.12.29 13:29:25 INFO  compiling scala-gradle-example (1 scala source)[0m
[0m2021.12.29 13:29:25 INFO  time: compiled scala-gradle-example in 0.25s[0m
[0m2021.12.29 13:30:08 INFO  compiling scala-gradle-example (1 scala source)[0m
[0m2021.12.29 13:30:08 INFO  time: compiled scala-gradle-example in 0.12s[0m
[0m2021.12.29 13:30:10 INFO  compiling scala-gradle-example (1 scala source)[0m
[0m2021.12.29 13:30:10 INFO  time: compiled scala-gradle-example in 0.24s[0m
[0m2021.12.29 13:30:23 INFO  compiling scala-gradle-example (1 scala source)[0m
[0m2021.12.29 13:30:23 INFO  time: compiled scala-gradle-example in 0.24s[0m
[0m2021.12.29 13:30:27 INFO  compiling scala-gradle-example (1 scala source)[0m
[0m2021.12.29 13:30:27 INFO  time: compiled scala-gradle-example in 0.33s[0m
[0m2021.12.29 13:30:36 INFO  compiling scala-gradle-example (1 scala source)[0m
[0m2021.12.29 13:30:36 INFO  time: compiled scala-gradle-example in 0.34s[0m
[0m2021.12.29 13:30:38 INFO  compiling scala-gradle-example (1 scala source)[0m
[0m2021.12.29 13:30:38 INFO  time: compiled scala-gradle-example in 0.32s[0m
[0m2021.12.29 13:30:47 INFO  compiling scala-gradle-example (1 scala source)[0m
[0m2021.12.29 13:30:47 INFO  time: compiled scala-gradle-example in 0.25s[0m
[0m2021.12.29 13:30:49 INFO  compiling scala-gradle-example (1 scala source)[0m
[0m2021.12.29 13:30:49 INFO  time: compiled scala-gradle-example in 0.26s[0m
[0m2021.12.29 13:30:54 INFO  compiling scala-gradle-example (1 scala source)[0m
[0m2021.12.29 13:30:54 INFO  time: compiled scala-gradle-example in 0.12s[0m
[0m2021.12.29 13:30:57 INFO  compiling scala-gradle-example (1 scala source)[0m
[0m2021.12.29 13:30:57 INFO  time: compiled scala-gradle-example in 0.12s[0m
[0m2021.12.29 13:31:01 INFO  compiling scala-gradle-example (1 scala source)[0m
[0m2021.12.29 13:31:01 INFO  time: compiled scala-gradle-example in 0.23s[0m
[0m2021.12.29 13:32:18 INFO  compiling scala-gradle-example (1 scala source)[0m
[0m2021.12.29 13:32:18 INFO  time: compiled scala-gradle-example in 0.24s[0m
[0m2021.12.29 13:32:25 INFO  compiling scala-gradle-example (1 scala source)[0m
[0m2021.12.29 13:32:25 INFO  time: compiled scala-gradle-example in 0.12s[0m
[0m2021.12.29 13:32:29 INFO  compiling scala-gradle-example (1 scala source)[0m
[0m2021.12.29 13:32:29 INFO  time: compiled scala-gradle-example in 0.12s[0m
[0m2021.12.29 13:32:35 INFO  compiling scala-gradle-example (1 scala source)[0m
[0m2021.12.29 13:32:35 INFO  time: compiled scala-gradle-example in 0.23s[0m
[0m2021.12.29 13:32:38 INFO  compiling scala-gradle-example (1 scala source)[0m
[0m2021.12.29 13:32:38 INFO  time: compiled scala-gradle-example in 0.23s[0m
Dec 29, 2021 1:32:40 PM org.eclipse.lsp4j.jsonrpc.RemoteEndpoint handleCancellation
WARNING: Unmatched cancel notification for request id 3934
[0m2021.12.29 13:32:52 INFO  compiling scala-gradle-example (1 scala source)[0m
[0m2021.12.29 13:32:52 INFO  time: compiled scala-gradle-example in 0.24s[0m
[0m2021.12.29 13:32:54 INFO  compiling scala-gradle-example (1 scala source)[0m
[0m2021.12.29 13:32:54 INFO  time: compiled scala-gradle-example in 0.25s[0m
[0m2021.12.29 13:32:57 INFO  compiling scala-gradle-example (1 scala source)[0m
[0m2021.12.29 13:32:57 INFO  time: compiled scala-gradle-example in 0.23s[0m
[0m2021.12.29 13:33:03 INFO  compiling scala-gradle-example (1 scala source)[0m
[0m2021.12.29 13:33:03 INFO  time: compiled scala-gradle-example in 0.12s[0m
[0m2021.12.29 13:33:08 INFO  compiling scala-gradle-example (1 scala source)[0m
[0m2021.12.29 13:33:08 INFO  time: compiled scala-gradle-example in 0.24s[0m
[0m2021.12.29 13:33:09 INFO  compiling scala-gradle-example (1 scala source)[0m
[0m2021.12.29 13:33:09 INFO  time: compiled scala-gradle-example in 0.23s[0m
[0m2021.12.29 13:33:16 INFO  compiling scala-gradle-example (1 scala source)[0m
[0m2021.12.29 13:33:16 INFO  time: compiled scala-gradle-example in 0.13s[0m
[0m2021.12.29 13:33:19 INFO  compiling scala-gradle-example (1 scala source)[0m
[0m2021.12.29 13:33:19 INFO  time: compiled scala-gradle-example in 0.22s[0m
[0m2021.12.29 13:33:23 INFO  compiling scala-gradle-example (1 scala source)[0m
[0m2021.12.29 13:33:23 INFO  time: compiled scala-gradle-example in 0.23s[0m
[0m2021.12.29 13:33:27 INFO  compiling scala-gradle-example (1 scala source)[0m
[0m2021.12.29 13:33:27 INFO  time: compiled scala-gradle-example in 0.23s[0m
[0m2021.12.29 13:33:28 INFO  compiling scala-gradle-example (1 scala source)[0m
[0m2021.12.29 13:33:28 INFO  time: compiled scala-gradle-example in 0.23s[0m
[0m2021.12.29 13:33:33 INFO  compiling scala-gradle-example (1 scala source)[0m
[0m2021.12.29 13:33:33 INFO  time: compiled scala-gradle-example in 0.22s[0m
[0m2021.12.29 13:33:56 INFO  compiling scala-gradle-example (1 scala source)[0m
[0m2021.12.29 13:33:56 INFO  time: compiled scala-gradle-example in 0.23s[0m
[0m2021.12.29 13:33:59 INFO  compiling scala-gradle-example (1 scala source)[0m
[0m2021.12.29 13:33:59 INFO  time: compiled scala-gradle-example in 0.23s[0m
[0m2021.12.29 13:34:05 INFO  compiling scala-gradle-example (1 scala source)[0m
[0m2021.12.29 13:34:05 INFO  time: compiled scala-gradle-example in 0.23s[0m
[0m2021.12.29 13:34:07 INFO  compiling scala-gradle-example (1 scala source)[0m
[0m2021.12.29 13:34:07 INFO  time: compiled scala-gradle-example in 0.23s[0m
[0m2021.12.29 13:34:10 INFO  compiling scala-gradle-example (1 scala source)[0m
[0m2021.12.29 13:34:10 INFO  time: compiled scala-gradle-example in 0.12s[0m
[0m2021.12.29 13:34:13 INFO  compiling scala-gradle-example (1 scala source)[0m
[0m2021.12.29 13:34:13 INFO  time: compiled scala-gradle-example in 0.23s[0m
[0m2021.12.29 13:34:13 INFO  compiling scala-gradle-example (1 scala source)[0m
[0m2021.12.29 13:34:14 INFO  time: compiled scala-gradle-example in 0.24s[0m
[0m2021.12.29 13:35:22 INFO  compiling scala-gradle-example (1 scala source)[0m
[0m2021.12.29 13:35:22 INFO  time: compiled scala-gradle-example in 0.23s[0m
[0m2021.12.29 13:35:25 INFO  compiling scala-gradle-example (1 scala source)[0m
[0m2021.12.29 13:35:25 INFO  time: compiled scala-gradle-example in 0.11s[0m
[0m2021.12.29 13:35:31 INFO  compiling scala-gradle-example (1 scala source)[0m
[0m2021.12.29 13:35:31 INFO  time: compiled scala-gradle-example in 0.22s[0m
[0m2021.12.29 13:35:34 INFO  compiling scala-gradle-example (1 scala source)[0m
[0m2021.12.29 13:35:34 INFO  time: compiled scala-gradle-example in 0.23s[0m
[0m2021.12.29 13:36:27 INFO  compiling scala-gradle-example (1 scala source)[0m
[0m2021.12.29 13:36:27 INFO  time: compiled scala-gradle-example in 0.14s[0m
[0m2021.12.29 13:36:42 INFO  compiling scala-gradle-example-test (1 scala source)[0m
[0m2021.12.29 13:36:42 INFO  time: compiled scala-gradle-example-test in 0.3s[0m
[0m2021.12.29 13:36:48 INFO  compiling scala-gradle-example (1 scala source)[0m
[0m2021.12.29 13:36:48 INFO  time: compiled scala-gradle-example in 0.14s[0m
[0m2021.12.29 13:36:54 INFO  compiling scala-gradle-example (1 scala source)[0m
[0m2021.12.29 13:36:54 INFO  time: compiled scala-gradle-example in 0.14s[0m
[0m2021.12.29 13:36:55 INFO  compiling scala-gradle-example (1 scala source)[0m
[0m2021.12.29 13:36:55 INFO  time: compiled scala-gradle-example in 0.15s[0m
[0m2021.12.29 13:37:38 INFO  compiling scala-gradle-example (1 scala source)[0m
[0m2021.12.29 13:37:38 INFO  time: compiled scala-gradle-example in 0.22s[0m
[0m2021.12.29 13:37:38 INFO  compiling scala-gradle-example (1 scala source)[0m
[0m2021.12.29 13:37:38 INFO  time: compiled scala-gradle-example in 0.21s[0m
[0m2021.12.29 13:37:58 INFO  compiling scala-gradle-example (1 scala source)[0m
[0m2021.12.29 13:37:58 INFO  time: compiled scala-gradle-example in 0.13s[0m
Dec 29, 2021 2:26:20 PM org.eclipse.lsp4j.jsonrpc.RemoteEndpoint handleCancellation
WARNING: Unmatched cancel notification for request id 4532
[0m2021.12.29 14:29:21 INFO  compiling scala-gradle-example (1 scala source)[0m
[0m2021.12.29 14:29:21 INFO  time: compiled scala-gradle-example in 0.22s[0m
[0m2021.12.29 14:29:24 INFO  compiling scala-gradle-example (1 scala source)[0m
[0m2021.12.29 14:29:24 INFO  time: compiled scala-gradle-example in 0.22s[0m
[0m2021.12.29 14:29:26 INFO  compiling scala-gradle-example (1 scala source)[0m
[0m2021.12.29 14:29:26 INFO  time: compiled scala-gradle-example in 0.13s[0m
[0m2021.12.29 14:42:18 INFO  compiling scala-gradle-example (1 scala source)[0m
[0m2021.12.29 14:42:18 INFO  time: compiled scala-gradle-example in 83ms[0m
[0m2021.12.29 14:42:21 ERROR scalafmt: C:\msys64\home\Bert\projects\scala-gradle-example\src\main\scala\scala\services\authenticationService.scala:38: error: [dialect scala3] Procedure syntax is not supported. Convert procedure `createAccessToken` to method by adding `: Unit =`.
  def createAccessToken {
      ^[0m
[0m2021.12.29 14:42:21 INFO  compiling scala-gradle-example (1 scala source)[0m
[0m2021.12.29 14:42:21 INFO  time: compiled scala-gradle-example in 64ms[0m
[0m2021.12.29 14:42:26 INFO  compiling scala-gradle-example (1 scala source)[0m
[0m2021.12.29 14:42:26 INFO  time: compiled scala-gradle-example in 0.14s[0m
[0m2021.12.29 14:42:33 INFO  compiling scala-gradle-example (1 scala source)[0m
[0m2021.12.29 14:42:33 INFO  time: compiled scala-gradle-example in 0.14s[0m
[0m2021.12.29 14:42:36 INFO  compiling scala-gradle-example (1 scala source)[0m
[0m2021.12.29 14:42:36 INFO  time: compiled scala-gradle-example in 0.14s[0m
[0m2021.12.29 14:54:42 INFO  compiling scala-gradle-example (1 scala source)[0m
[0m2021.12.29 14:54:42 INFO  time: compiled scala-gradle-example in 0.14s[0m
Dec 29, 2021 2:54:54 PM org.eclipse.lsp4j.jsonrpc.services.GenericEndpoint notify
INFO: Unsupported notification method: $/setTrace
[0m2021.12.29 14:55:29 INFO  compiling scala-gradle-example (1 scala source)[0m
[0m2021.12.29 14:55:29 INFO  time: compiled scala-gradle-example in 68ms[0m
[0m2021.12.29 14:55:31 INFO  compiling scala-gradle-example (1 scala source)[0m
[0m2021.12.29 14:55:31 INFO  time: compiled scala-gradle-example in 65ms[0m
[0m2021.12.29 14:55:34 INFO  compiling scala-gradle-example (1 scala source)[0m
[0m2021.12.29 14:55:34 INFO  time: compiled scala-gradle-example in 62ms[0m
[0m2021.12.29 14:55:42 INFO  compiling scala-gradle-example (1 scala source)[0m
[0m2021.12.29 14:55:42 INFO  time: compiled scala-gradle-example in 66ms[0m
[0m2021.12.29 14:55:44 INFO  compiling scala-gradle-example (1 scala source)[0m
[0m2021.12.29 14:55:44 INFO  time: compiled scala-gradle-example in 63ms[0m
[0m2021.12.29 14:55:45 INFO  compiling scala-gradle-example (1 scala source)[0m
[0m2021.12.29 14:55:45 INFO  time: compiled scala-gradle-example in 63ms[0m
[0m2021.12.29 14:55:48 INFO  compiling scala-gradle-example (1 scala source)[0m
[0m2021.12.29 14:55:48 INFO  time: compiled scala-gradle-example in 62ms[0m
[0m2021.12.29 14:55:54 INFO  compiling scala-gradle-example (1 scala source)[0m
[0m2021.12.29 14:55:54 INFO  time: compiled scala-gradle-example in 70ms[0m
[0m2021.12.29 14:56:07 INFO  running 'C:\msys64\home\Bert\projects\scala-gradle-example\gradlew.bat --console=plain --init-script C:\Users\Bert\AppData\Local\Temp\metals9755249188892861268\init-script.gradle bloopInstall'[0m
[0m2021.12.29 14:56:07 INFO  Starting a Gradle Daemon, 1 busy and 2 incompatible Daemons could not be reused, use --status for details[0m
[0m2021.12.29 14:56:11 INFO  > Task :configureBloopInstall[0m
[0m2021.12.29 14:56:11 INFO  > Task :bloopInstall[0m
[0m2021.12.29 14:56:11 INFO  [0m
[0m2021.12.29 14:56:11 INFO  Deprecated Gradle features were used in this build, making it incompatible with Gradle 8.0.[0m
[0m2021.12.29 14:56:11 INFO  [0m
[0m2021.12.29 14:56:11 INFO  You can use '--warning-mode all' to show the individual deprecation warnings and determine if they come from your own scripts or plugins.[0m
[0m2021.12.29 14:56:11 INFO  [0m
[0m2021.12.29 14:56:11 INFO  See https://docs.gradle.org/7.3.2/userguide/command_line_interface.html#sec:command_line_warnings[0m
[0m2021.12.29 14:56:11 INFO  [0m
[0m2021.12.29 14:56:11 INFO  BUILD SUCCESSFUL in 4s[0m
[0m2021.12.29 14:56:11 INFO  2 actionable tasks: 2 executed[0m
[0m2021.12.29 14:56:12 INFO  time: ran 'gradle bloopInstall' in 5.11s[0m
[0m2021.12.29 14:56:12 INFO  Disconnecting from Bloop session...[0m
[0m2021.12.29 14:56:12 INFO  Shut down connection with build server.[0m
No more data in the client stdin, exiting...
No more data in the server stdin, exiting...
[0m2021.12.29 14:56:12 INFO  Attempting to connect to the build server...[0m
Starting the bsp launcher for bloop...
Opening a bsp server connection with 'bsp --protocol tcp --port 39524'...
Waiting for the bsp connection to come up...
[0m[32m[D][0m Loading workspace settings from bloop.settings.json
[0m[32m[D][0m Loading 2 projects from 'c:\msys64\home\Bert\projects\scala-gradle-example\.bloop'...
[0m[32m[D][0m Loading project from 'c:\msys64\home\Bert\projects\scala-gradle-example\.bloop\scala-gradle-example.json'
[0m[32m[D][0m Loading project from 'c:\msys64\home\Bert\projects\scala-gradle-example\.bloop\scala-gradle-example-test.json'
[0m[32m[D][0m Waiting for a connection at 127.0.0.1:39524...
The server is listening for incoming connections at tcp://127.0.0.1:39524...
Starting thread that pumps stdin and redirects it to the bsp server...
Starting thread that pumps server stdout and redirects it to the client stdout...
[0m2021.12.29 14:56:12 INFO  tracing is disabled for protocol BSP, to enable tracing of incoming and outgoing JSON messages create an empty file at C:\Users\Bert\AppData\Local\scalameta\metals\cache\bsp.trace.json[0m
[0m2021.12.29 14:56:12 INFO  time: Connected to build server in 0.3s[0m
[0m2021.12.29 14:56:12 INFO  Connected to Build server: Bloop v1.4.11[0m
[0m2021.12.29 14:56:12 INFO  time: indexed workspace in 0.94s[0m
[0m2021.12.29 14:56:13 INFO  compiling scala-gradle-example (5 scala sources)[0m
[0m2021.12.29 14:56:14 INFO  no build target: using presentation compiler with only scala-library: 3.1.0[0m
[0m2021.12.29 14:56:13 INFO  time: compiled scala-gradle-example in 0.86s[0m
[0m2021.12.29 14:56:17 INFO  compiling scala-gradle-example (5 scala sources)[0m
[0m2021.12.29 14:56:17 INFO  time: compiled scala-gradle-example in 0.14s[0m
[0m2021.12.29 14:56:22 INFO  compiling scala-gradle-example (5 scala sources)[0m
[0m2021.12.29 14:56:22 INFO  time: compiled scala-gradle-example in 0.31s[0m
[0m2021.12.29 14:56:27 INFO  compiling scala-gradle-example (1 scala source)[0m
[0m2021.12.29 14:56:27 INFO  time: compiled scala-gradle-example in 0.14s[0m
[0m2021.12.29 14:56:34 INFO  compiling scala-gradle-example (1 scala source)[0m
[0m2021.12.29 14:56:34 INFO  time: compiled scala-gradle-example in 0.13s[0m
[0m2021.12.29 14:56:37 INFO  compiling scala-gradle-example (1 scala source)[0m
[0m2021.12.29 14:56:37 INFO  time: compiled scala-gradle-example in 0.14s[0m
[0m2021.12.29 14:56:40 INFO  compiling scala-gradle-example (1 scala source)[0m
[0m2021.12.29 14:56:40 INFO  time: compiled scala-gradle-example in 0.14s[0m
[0m2021.12.29 14:57:34 INFO  compiling scala-gradle-example (1 scala source)[0m
[0m2021.12.29 14:57:34 INFO  time: compiled scala-gradle-example in 0.24s[0m
[0m2021.12.29 14:57:40 INFO  compiling scala-gradle-example (1 scala source)[0m
[0m2021.12.29 14:57:40 INFO  time: compiled scala-gradle-example in 0.15s[0m
[0m2021.12.29 14:57:46 INFO  compiling scala-gradle-example (1 scala source)[0m
[0m2021.12.29 14:57:46 INFO  time: compiled scala-gradle-example in 0.14s[0m
[0m2021.12.29 14:57:53 INFO  compiling scala-gradle-example-test (1 scala source)[0m
[0m2021.12.29 14:57:53 INFO  time: compiled scala-gradle-example-test in 0.3s[0m
[0m2021.12.29 14:57:53 INFO  compiling scala-gradle-example (1 scala source)[0m
[0m2021.12.29 14:57:54 INFO  time: compiled scala-gradle-example in 0.15s[0m
[0m2021.12.29 14:58:03 INFO  compiling scala-gradle-example (1 scala source)[0m
[0m2021.12.29 14:58:03 INFO  time: compiled scala-gradle-example in 0.14s[0m
[0m2021.12.29 14:58:26 INFO  compiling scala-gradle-example (1 scala source)[0m
[0m2021.12.29 14:58:26 INFO  time: compiled scala-gradle-example in 0.14s[0m
[0m2021.12.29 14:58:33 INFO  compiling scala-gradle-example (1 scala source)[0m
[0m2021.12.29 14:58:33 INFO  time: compiled scala-gradle-example in 0.13s[0m
[0m2021.12.29 14:58:33 INFO  compiling scala-gradle-example (1 scala source)[0m
[0m2021.12.29 14:58:33 INFO  time: compiled scala-gradle-example in 0.24s[0m
[0m2021.12.29 14:59:01 INFO  compiling scala-gradle-example (1 scala source)[0m
[0m2021.12.29 14:59:01 INFO  time: compiled scala-gradle-example in 0.23s[0m
[0m2021.12.29 14:59:14 ERROR scalafmt: C:\msys64\home\Bert\projects\scala-gradle-example\src\main\scala\scala\services\authenticationService.scala:33: error: [dialect scala3] } expected but ) found
    println(date.toDateTimeISO))
                               ^[0m
[0m2021.12.29 14:59:14 INFO  compiling scala-gradle-example (1 scala source)[0m
[0m2021.12.29 14:59:14 INFO  time: compiled scala-gradle-example in 47ms[0m
[0m2021.12.29 14:59:35 ERROR scalafmt: C:\msys64\home\Bert\projects\scala-gradle-example\src\main\scala\scala\services\authenticationService.scala:33: error: [dialect scala3] } expected but ) found
    println(date.toDateTimeISO()))
                                 ^[0m
[0m2021.12.29 14:59:35 INFO  compiling scala-gradle-example (1 scala source)[0m
[0m2021.12.29 14:59:35 INFO  time: compiled scala-gradle-example in 47ms[0m
[0m2021.12.29 14:59:39 INFO  compiling scala-gradle-example (1 scala source)[0m
[0m2021.12.29 14:59:39 INFO  time: compiled scala-gradle-example in 0.14s[0m
[0m2021.12.29 15:02:02 INFO  compiling scala-gradle-example (1 scala source)[0m
[0m2021.12.29 15:02:02 INFO  time: compiled scala-gradle-example in 0.14s[0m
[0m2021.12.29 15:02:05 INFO  compiling scala-gradle-example (1 scala source)[0m
[0m2021.12.29 15:02:05 INFO  time: compiled scala-gradle-example in 71ms[0m
[0m2021.12.29 15:02:17 INFO  compiling scala-gradle-example (1 scala source)[0m
[0m2021.12.29 15:02:17 INFO  time: compiled scala-gradle-example in 0.13s[0m
[0m2021.12.29 15:02:20 INFO  compiling scala-gradle-example (1 scala source)[0m
[0m2021.12.29 15:02:20 INFO  time: compiled scala-gradle-example in 0.16s[0m
[0m2021.12.29 15:02:55 INFO  compiling scala-gradle-example (1 scala source)[0m
[0m2021.12.29 15:02:55 INFO  time: compiled scala-gradle-example in 0.14s[0m
[0m2021.12.29 15:02:59 INFO  compiling scala-gradle-example (1 scala source)[0m
[0m2021.12.29 15:02:59 INFO  time: compiled scala-gradle-example in 0.14s[0m
[0m2021.12.29 15:03:05 INFO  compiling scala-gradle-example (1 scala source)[0m
[0m2021.12.29 15:03:05 INFO  time: compiled scala-gradle-example in 0.14s[0m
[0m2021.12.29 15:03:10 INFO  compiling scala-gradle-example (1 scala source)[0m
[0m2021.12.29 15:03:10 INFO  time: compiled scala-gradle-example in 0.14s[0m
[0m2021.12.29 15:03:16 INFO  compiling scala-gradle-example (1 scala source)[0m
[0m2021.12.29 15:03:16 INFO  time: compiled scala-gradle-example in 0.23s[0m
[0m2021.12.29 15:03:21 INFO  compiling scala-gradle-example (1 scala source)[0m
[0m2021.12.29 15:03:21 INFO  time: compiled scala-gradle-example in 0.34s[0m
[0m2021.12.29 15:03:35 INFO  compiling scala-gradle-example (1 scala source)[0m
[0m2021.12.29 15:03:35 INFO  time: compiled scala-gradle-example in 0.24s[0m
[0m2021.12.29 15:03:43 INFO  compiling scala-gradle-example (1 scala source)[0m
[0m2021.12.29 15:03:43 INFO  time: compiled scala-gradle-example in 0.23s[0m
[0m2021.12.29 15:03:45 INFO  compiling scala-gradle-example (1 scala source)[0m
[0m2021.12.29 15:03:45 INFO  time: compiled scala-gradle-example in 0.24s[0m
[0m2021.12.29 15:17:35 ERROR scalafmt: C:\msys64\home\Bert\projects\scala-gradle-example\src\main\scala\scala\services\authenticationService.scala:30: error: [dialect scala3] identifier expected but ) found
  def createAccessToken(name: String, ): String = {
                                      ^[0m
[0m2021.12.29 15:17:35 INFO  compiling scala-gradle-example (1 scala source)[0m
[0m2021.12.29 15:17:35 INFO  time: compiled scala-gradle-example in 0.25s[0m
[0m2021.12.29 15:17:39 INFO  compiling scala-gradle-example (1 scala source)[0m
[0m2021.12.29 15:17:39 INFO  time: compiled scala-gradle-example in 0.23s[0m
[0m2021.12.29 15:17:39 ERROR scalafmt: C:\msys64\home\Bert\projects\scala-gradle-example\src\main\scala\scala\services\authenticationService.scala:30: error: [dialect scala3] identifier expected but ) found
  def createAccessToken(name: String, ): String = {
                                      ^[0m
[0m2021.12.29 15:17:39 INFO  compiling scala-gradle-example (1 scala source)[0m
[0m2021.12.29 15:17:39 INFO  time: compiled scala-gradle-example in 0.23s[0m
[0m2021.12.29 15:17:44 INFO  compiling scala-gradle-example (1 scala source)[0m
[0m2021.12.29 15:17:44 INFO  time: compiled scala-gradle-example in 0.25s[0m
[0m2021.12.29 15:17:51 ERROR scalafmt: C:\msys64\home\Bert\projects\scala-gradle-example\src\main\scala\scala\services\authenticationService.scala:30: error: [dialect scala3] identifier expected but ) found
  def createAccessToken(name: String, ): String = {
                                      ^[0m
[0m2021.12.29 15:17:51 INFO  compiling scala-gradle-example (1 scala source)[0m
[0m2021.12.29 15:17:51 INFO  time: compiled scala-gradle-example in 0.24s[0m
[0m2021.12.29 15:17:54 ERROR scalafmt: C:\msys64\home\Bert\projects\scala-gradle-example\src\main\scala\scala\services\authenticationService.scala:30: error: [dialect scala3] identifier expected but ) found
  def createAccessToken(name: String, ): String = {
                                      ^[0m
[0m2021.12.29 15:17:54 INFO  compiling scala-gradle-example (1 scala source)[0m
[0m2021.12.29 15:17:54 INFO  time: compiled scala-gradle-example in 0.23s[0m
[0m2021.12.29 15:18:14 ERROR scalafmt: C:\msys64\home\Bert\projects\scala-gradle-example\src\main\scala\scala\services\authenticationService.scala:30: error: [dialect scala3] identifier expected but ) found
  def createAccessToken(username: String, ): String = {
                                          ^[0m
[0m2021.12.29 15:18:14 INFO  compiling scala-gradle-example (1 scala source)[0m
[0m2021.12.29 15:18:14 INFO  time: compiled scala-gradle-example in 0.24s[0m
[0m2021.12.29 15:18:17 ERROR scalafmt: C:\msys64\home\Bert\projects\scala-gradle-example\src\main\scala\scala\services\authenticationService.scala:30: error: [dialect scala3] identifier expected but ) found
  def createAccessToken(username: String, ): String = {
                                          ^[0m
[0m2021.12.29 15:18:17 INFO  compiling scala-gradle-example (1 scala source)[0m
[0m2021.12.29 15:18:17 INFO  time: compiled scala-gradle-example in 0.24s[0m
[0m2021.12.29 15:18:23 ERROR scalafmt: C:\msys64\home\Bert\projects\scala-gradle-example\src\main\scala\scala\services\authenticationService.scala:30: error: [dialect scala3] identifier expected but ) found
  def createAccessToken(username: String, ): String = {
                                          ^[0m
[0m2021.12.29 15:18:23 INFO  compiling scala-gradle-example (1 scala source)[0m
[0m2021.12.29 15:18:23 INFO  time: compiled scala-gradle-example in 74ms[0m
[0m2021.12.29 15:18:26 INFO  compiling scala-gradle-example (1 scala source)[0m
[0m2021.12.29 15:18:26 INFO  time: compiled scala-gradle-example in 72ms[0m
[0m2021.12.29 15:18:28 ERROR scalafmt: C:\msys64\home\Bert\projects\scala-gradle-example\src\main\scala\scala\services\authenticationService.scala:30: error: [dialect scala3] identifier expected but ) found
  def createAccessToken(username: String, ): String = {
                                          ^[0m
[0m2021.12.29 15:18:28 INFO  compiling scala-gradle-example (1 scala source)[0m
[0m2021.12.29 15:18:28 INFO  time: compiled scala-gradle-example in 69ms[0m
[0m2021.12.29 15:18:42 INFO  compiling scala-gradle-example (1 scala source)[0m
[0m2021.12.29 15:18:42 INFO  time: compiled scala-gradle-example in 71ms[0m
[0m2021.12.29 15:18:47 ERROR scalafmt: C:\msys64\home\Bert\projects\scala-gradle-example\src\main\scala\scala\services\authenticationService.scala:30: error: [dialect scala3] identifier expected but ) found
  def createAccessToken(username: String, ): String = {
                                          ^[0m
[0m2021.12.29 15:18:47 INFO  compiling scala-gradle-example (1 scala source)[0m
[0m2021.12.29 15:18:47 INFO  time: compiled scala-gradle-example in 70ms[0m
[0m2021.12.29 15:18:54 INFO  compiling scala-gradle-example (1 scala source)[0m
[0m2021.12.29 15:18:54 INFO  time: compiled scala-gradle-example in 70ms[0m
[0m2021.12.29 15:19:00 ERROR scalafmt: C:\msys64\home\Bert\projects\scala-gradle-example\src\main\scala\scala\services\authenticationService.scala:30: error: [dialect scala3] identifier expected but ) found
  def createAccessToken(username: String, ): String = {
                                          ^[0m
[0m2021.12.29 15:19:00 INFO  compiling scala-gradle-example (1 scala source)[0m
[0m2021.12.29 15:19:00 INFO  time: compiled scala-gradle-example in 69ms[0m
[0m2021.12.29 15:19:16 ERROR scalafmt: C:\msys64\home\Bert\projects\scala-gradle-example\src\main\scala\scala\services\authenticationService.scala:30: error: [dialect scala3] identifier expected but ) found
  def createAccessToken(username: String, ): String = {
                                          ^[0m
[0m2021.12.29 15:19:16 INFO  compiling scala-gradle-example (1 scala source)[0m
[0m2021.12.29 15:19:16 INFO  time: compiled scala-gradle-example in 73ms[0m
[0m2021.12.29 15:19:19 ERROR scalafmt: C:\msys64\home\Bert\projects\scala-gradle-example\src\main\scala\scala\services\authenticationService.scala:30: error: [dialect scala3] identifier expected but ) found
  def createAccessToken(username: String, ): String = {
                                          ^[0m
[0m2021.12.29 15:19:19 INFO  compiling scala-gradle-example (1 scala source)[0m
[0m2021.12.29 15:19:19 INFO  time: compiled scala-gradle-example in 68ms[0m
[0m2021.12.29 15:21:01 INFO  compiling scala-gradle-example (1 scala source)[0m
[0m2021.12.29 15:21:01 INFO  time: compiled scala-gradle-example in 0.13s[0m
[0m2021.12.29 15:21:01 INFO  compiling scala-gradle-example (1 scala source)[0m
[0m2021.12.29 15:21:01 INFO  time: compiled scala-gradle-example in 0.23s[0m
[0m2021.12.29 15:21:05 INFO  compiling scala-gradle-example (1 scala source)[0m
[0m2021.12.29 15:21:05 INFO  time: compiled scala-gradle-example in 0.14s[0m
[0m2021.12.29 15:21:08 INFO  compiling scala-gradle-example (1 scala source)[0m
[0m2021.12.29 15:21:08 INFO  time: compiled scala-gradle-example in 88ms[0m
[0m2021.12.29 15:21:12 INFO  compiling scala-gradle-example (1 scala source)[0m
[0m2021.12.29 15:21:12 INFO  time: compiled scala-gradle-example in 0.14s[0m
[0m2021.12.29 15:21:59 INFO  compiling scala-gradle-example (1 scala source)[0m
[0m2021.12.29 15:21:59 INFO  time: compiled scala-gradle-example in 0.14s[0m
[0m2021.12.29 15:22:06 INFO  compiling scala-gradle-example (1 scala source)[0m
[0m2021.12.29 15:22:06 INFO  time: compiled scala-gradle-example in 0.15s[0m
Exception in thread "pool-6-thread-1" java.lang.IllegalArgumentException: requirement failed: method apply
	at scala.Predef$.require(Predef.scala:337)
	at dotty.tools.dotc.ast.TypedTreeInfo.defPath(TreeInfo.scala:775)
	at dotty.tools.dotc.ast.TypedTreeInfo.defPath$(TreeInfo.scala:394)
	at dotty.tools.dotc.ast.tpd$.defPath(tpd.scala:22)
	at dotty.tools.dotc.interactive.Interactive$.enclosingSourceSymbols(Interactive.scala:114)
	at scala.meta.internal.pc.ScalaPresentationCompiler.hover$$anonfun$1(ScalaPresentationCompiler.scala:307)
	at scala.meta.internal.pc.CompilerAccess.withSharedCompiler(CompilerAccess.scala:137)
	at scala.meta.internal.pc.CompilerAccess.withNonInterruptableCompiler$$anonfun$1(CompilerAccess.scala:125)
	at scala.meta.internal.pc.CompilerAccess.onCompilerJobQueue$$anonfun$1(CompilerAccess.scala:197)
	at scala.meta.internal.pc.CompilerJobQueue$Job.run(CompilerJobQueue.scala:139)
	at java.base/java.util.concurrent.ThreadPoolExecutor.runWorker(ThreadPoolExecutor.java:1136)
	at java.base/java.util.concurrent.ThreadPoolExecutor$Worker.run(ThreadPoolExecutor.java:635)
	at java.base/java.lang.Thread.run(Thread.java:833)
[0m2021.12.29 15:23:21 INFO  compiling scala-gradle-example (1 scala source)[0m
[0m2021.12.29 15:23:21 INFO  time: compiled scala-gradle-example in 81ms[0m
[0m2021.12.29 15:23:36 INFO  compiling scala-gradle-example (1 scala source)[0m
[0m2021.12.29 15:23:36 INFO  time: compiled scala-gradle-example in 33ms[0m
[0m2021.12.29 15:23:41 INFO  compiling scala-gradle-example (1 scala source)[0m
[0m2021.12.29 15:23:41 INFO  time: compiled scala-gradle-example in 39ms[0m
[0m2021.12.29 15:23:46 INFO  compiling scala-gradle-example (1 scala source)[0m
[0m2021.12.29 15:23:46 INFO  time: compiled scala-gradle-example in 39ms[0m
[0m2021.12.29 15:23:51 INFO  compiling scala-gradle-example (1 scala source)[0m
[0m2021.12.29 15:23:51 INFO  time: compiled scala-gradle-example in 37ms[0m
[0m2021.12.29 15:23:53 INFO  compiling scala-gradle-example (1 scala source)[0m
[0m2021.12.29 15:23:53 INFO  time: compiled scala-gradle-example in 38ms[0m
***** missing reference, looking for SchemaRouterOptions/T in package io.vertx.json.schema
decls = Scope{}
***** missing reference, looking for RouterFactoryOptions/T in package io.vertx.ext.web.api.contract
decls = Scope{}
[0m2021.12.29 15:23:59 INFO  compiling scala-gradle-example (1 scala source)[0m
[0m2021.12.29 15:23:59 INFO  time: compiled scala-gradle-example in 36ms[0m
[0m2021.12.29 15:24:01 INFO  compiling scala-gradle-example (1 scala source)[0m
[0m2021.12.29 15:24:01 INFO  time: compiled scala-gradle-example in 36ms[0m
[0m2021.12.29 15:24:05 INFO  compiling scala-gradle-example (1 scala source)[0m
[0m2021.12.29 15:24:05 INFO  time: compiled scala-gradle-example in 39ms[0m
[0m2021.12.29 15:24:08 INFO  compiling scala-gradle-example (1 scala source)[0m
[0m2021.12.29 15:24:08 INFO  time: compiled scala-gradle-example in 79ms[0m
[0m2021.12.29 15:24:12 INFO  compiling scala-gradle-example (1 scala source)[0m
[0m2021.12.29 15:24:12 INFO  time: compiled scala-gradle-example in 79ms[0m
[0m2021.12.29 15:24:19 INFO  compiling scala-gradle-example (1 scala source)[0m
[0m2021.12.29 15:24:19 INFO  time: compiled scala-gradle-example in 0.34s[0m
[0m2021.12.29 15:24:28 INFO  compiling scala-gradle-example (2 scala sources)[0m
[0m2021.12.29 15:24:28 INFO  time: compiled scala-gradle-example in 0.19s[0m
[0m2021.12.29 15:24:34 INFO  compiling scala-gradle-example (2 scala sources)[0m
[0m2021.12.29 15:24:34 INFO  time: compiled scala-gradle-example in 0.11s[0m
[0m2021.12.29 15:24:36 INFO  compiling scala-gradle-example (2 scala sources)[0m
[0m2021.12.29 15:24:36 INFO  time: compiled scala-gradle-example in 0.13s[0m
[0m2021.12.29 15:24:39 INFO  compiling scala-gradle-example (2 scala sources)[0m
[0m2021.12.29 15:24:39 INFO  time: compiled scala-gradle-example in 0.12s[0m
[0m2021.12.29 15:24:42 INFO  compiling scala-gradle-example (2 scala sources)[0m
[0m2021.12.29 15:24:42 INFO  time: compiled scala-gradle-example in 0.31s[0m
[0m2021.12.29 15:24:56 INFO  compiling scala-gradle-example (2 scala sources)[0m
[0m2021.12.29 15:24:56 INFO  time: compiled scala-gradle-example in 0.3s[0m
[0m2021.12.29 15:24:56 INFO  compiling scala-gradle-example (2 scala sources)[0m
[0m2021.12.29 15:24:57 INFO  time: compiled scala-gradle-example in 0.32s[0m
[0m2021.12.29 15:25:07 INFO  compiling scala-gradle-example (2 scala sources)[0m
[0m2021.12.29 15:25:07 INFO  time: compiled scala-gradle-example in 0.36s[0m
[0m2021.12.29 15:25:07 INFO  compiling scala-gradle-example (2 scala sources)[0m
[0m2021.12.29 15:25:07 INFO  time: compiled scala-gradle-example in 0.11s[0m
[0m2021.12.29 15:25:21 INFO  compiling scala-gradle-example (2 scala sources)[0m
[0m2021.12.29 15:25:21 INFO  time: compiled scala-gradle-example in 0.12s[0m
[0m2021.12.29 15:25:26 INFO  compiling scala-gradle-example (2 scala sources)[0m
[0m2021.12.29 15:25:26 INFO  time: compiled scala-gradle-example in 0.11s[0m
[0m2021.12.29 15:25:27 INFO  compiling scala-gradle-example (1 scala source)[0m
[0m2021.12.29 15:25:27 INFO  time: compiled scala-gradle-example in 81ms[0m
[0m2021.12.29 15:25:30 INFO  compiling scala-gradle-example (1 scala source)[0m
[0m2021.12.29 15:25:30 INFO  time: compiled scala-gradle-example in 0.29s[0m
[0m2021.12.29 15:25:34 INFO  compiling scala-gradle-example (1 scala source)[0m
[0m2021.12.29 15:25:34 INFO  time: compiled scala-gradle-example in 0.23s[0m
[0m2021.12.29 15:25:38 INFO  compiling scala-gradle-example (1 scala source)[0m
[0m2021.12.29 15:25:38 INFO  time: compiled scala-gradle-example in 95ms[0m
[0m2021.12.29 15:25:41 INFO  compiling scala-gradle-example (1 scala source)[0m
[0m2021.12.29 15:25:41 INFO  time: compiled scala-gradle-example in 93ms[0m
Dec 29, 2021 3:25:41 PM org.eclipse.lsp4j.jsonrpc.RemoteEndpoint handleCancellation
WARNING: Unmatched cancel notification for request id 6601
[0m2021.12.29 15:25:44 INFO  compiling scala-gradle-example (1 scala source)[0m
[0m2021.12.29 15:25:44 INFO  time: compiled scala-gradle-example in 0.23s[0m
[0m2021.12.29 15:25:46 INFO  compiling scala-gradle-example (1 scala source)[0m
[0m2021.12.29 15:25:46 INFO  time: compiled scala-gradle-example in 95ms[0m
[0m2021.12.29 15:25:49 INFO  compiling scala-gradle-example (1 scala source)[0m
[0m2021.12.29 15:25:49 INFO  time: compiled scala-gradle-example in 0.23s[0m
[0m2021.12.29 15:25:57 INFO  compiling scala-gradle-example (1 scala source)[0m
[0m2021.12.29 15:25:57 INFO  time: compiled scala-gradle-example in 0.33s[0m
[0m2021.12.29 15:26:05 INFO  compiling scala-gradle-example (2 scala sources)[0m
[0m2021.12.29 15:26:05 INFO  time: compiled scala-gradle-example in 0.32s[0m
[0m2021.12.29 15:26:05 INFO  compiling scala-gradle-example (2 scala sources)[0m
[0m2021.12.29 15:26:05 INFO  time: compiled scala-gradle-example in 0.33s[0m
[0m2021.12.29 15:26:07 INFO  compiling scala-gradle-example (2 scala sources)[0m
[0m2021.12.29 15:26:07 INFO  time: compiled scala-gradle-example in 0.33s[0m
[0m2021.12.29 15:26:07 INFO  compiling scala-gradle-example (2 scala sources)[0m
[0m2021.12.29 15:26:07 INFO  time: compiled scala-gradle-example in 0.31s[0m
[0m2021.12.29 15:26:07 INFO  compiling scala-gradle-example (2 scala sources)[0m
[0m2021.12.29 15:26:09 INFO  time: compiled scala-gradle-example in 0.32s[0m
[0m2021.12.29 15:26:13 INFO  compiling scala-gradle-example (2 scala sources)[0m
[0m2021.12.29 15:26:13 INFO  time: compiled scala-gradle-example in 0.31s[0m
[0m2021.12.29 15:26:15 INFO  compiling scala-gradle-example (2 scala sources)[0m
[0m2021.12.29 15:26:15 INFO  time: compiled scala-gradle-example in 0.29s[0m
[0m2021.12.29 15:26:20 INFO  compiling scala-gradle-example (2 scala sources)[0m
[0m2021.12.29 15:26:20 INFO  time: compiled scala-gradle-example in 0.3s[0m
[0m2021.12.29 15:26:23 INFO  compiling scala-gradle-example (2 scala sources)[0m
[0m2021.12.29 15:26:23 INFO  time: compiled scala-gradle-example in 0.32s[0m
[0m2021.12.29 15:26:26 INFO  compiling scala-gradle-example (2 scala sources)[0m
[0m2021.12.29 15:26:26 INFO  time: compiled scala-gradle-example in 0.23s[0m
[0m2021.12.29 15:26:31 INFO  compiling scala-gradle-example (1 scala source)[0m
[0m2021.12.29 15:26:31 INFO  time: compiled scala-gradle-example in 0.22s[0m
[0m2021.12.29 15:26:34 INFO  compiling scala-gradle-example (1 scala source)[0m
[0m2021.12.29 15:26:34 INFO  time: compiled scala-gradle-example in 93ms[0m
[0m2021.12.29 15:26:43 INFO  compiling scala-gradle-example (1 scala source)[0m
[0m2021.12.29 15:26:43 INFO  time: compiled scala-gradle-example in 95ms[0m
[0m2021.12.29 15:27:25 INFO  compiling scala-gradle-example (1 scala source)[0m
[0m2021.12.29 15:27:25 INFO  time: compiled scala-gradle-example in 95ms[0m
[0m2021.12.29 15:27:28 INFO  compiling scala-gradle-example (1 scala source)[0m
[0m2021.12.29 15:27:28 INFO  time: compiled scala-gradle-example in 95ms[0m
[0m2021.12.29 15:32:36 INFO  compiling scala-gradle-example (1 scala source)[0m
[0m2021.12.29 15:32:36 INFO  time: compiled scala-gradle-example in 99ms[0m
[0m2021.12.29 15:33:44 INFO  compiling scala-gradle-example (1 scala source)[0m
[0m2021.12.29 15:33:44 INFO  time: compiled scala-gradle-example in 0.24s[0m
[0m2021.12.29 15:33:51 INFO  compiling scala-gradle-example (1 scala source)[0m
[0m2021.12.29 15:33:51 INFO  time: compiled scala-gradle-example in 0.15s[0m
[0m2021.12.29 15:33:52 INFO  compiling scala-gradle-example (1 scala source)[0m
[0m2021.12.29 15:33:52 INFO  time: compiled scala-gradle-example in 0.16s[0m
[0m2021.12.29 15:33:54 INFO  compiling scala-gradle-example (1 scala source)[0m
[0m2021.12.29 15:33:54 INFO  time: compiled scala-gradle-example in 0.15s[0m
[0m2021.12.29 15:34:45 INFO  compiling scala-gradle-example (1 scala source)[0m
[0m2021.12.29 15:34:45 INFO  time: compiled scala-gradle-example in 0.15s[0m
[0m2021.12.29 15:35:34 INFO  compiling scala-gradle-example (1 scala source)[0m
[0m2021.12.29 15:35:34 INFO  time: compiled scala-gradle-example in 0.13s[0m
[0m2021.12.29 15:38:20 INFO  compiling scala-gradle-example (1 scala source)[0m
[0m2021.12.29 15:38:20 INFO  time: compiled scala-gradle-example in 38ms[0m
[0m2021.12.29 15:38:28 INFO  compiling scala-gradle-example (1 scala source)[0m
[0m2021.12.29 15:38:28 INFO  time: compiled scala-gradle-example in 37ms[0m
[0m2021.12.29 15:38:34 INFO  compiling scala-gradle-example (1 scala source)[0m
[0m2021.12.29 15:38:34 INFO  time: compiled scala-gradle-example in 36ms[0m
[0m2021.12.29 15:38:35 INFO  compiling scala-gradle-example (1 scala source)[0m
[0m2021.12.29 15:38:35 INFO  time: compiled scala-gradle-example in 35ms[0m
[0m2021.12.29 15:38:35 INFO  compiling scala-gradle-example (1 scala source)[0m
[0m2021.12.29 15:38:35 INFO  time: compiled scala-gradle-example in 36ms[0m
[0m2021.12.29 15:38:36 INFO  compiling scala-gradle-example (1 scala source)[0m
[0m2021.12.29 15:38:36 INFO  time: compiled scala-gradle-example in 36ms[0m
[0m2021.12.29 15:38:42 INFO  compiling scala-gradle-example (1 scala source)[0m
[0m2021.12.29 15:38:42 INFO  time: compiled scala-gradle-example in 0.11s[0m
[0m2021.12.29 15:38:51 INFO  compiling scala-gradle-example-test (1 scala source)[0m
[0m2021.12.29 15:38:51 INFO  time: compiled scala-gradle-example-test in 0.31s[0m
[0m2021.12.29 15:39:01 INFO  compiling scala-gradle-example (1 scala source)[0m
[0m2021.12.29 15:39:01 INFO  time: compiled scala-gradle-example in 0.15s[0m
[0m2021.12.29 15:39:02 INFO  compiling scala-gradle-example (1 scala source)[0m
[0m2021.12.29 15:39:02 INFO  time: compiled scala-gradle-example in 40ms[0m
[0m2021.12.29 15:39:04 INFO  compiling scala-gradle-example (1 scala source)[0m
[0m2021.12.29 15:39:04 INFO  time: compiled scala-gradle-example in 0.17s[0m
[0m2021.12.29 15:39:17 INFO  compiling scala-gradle-example (1 scala source)[0m
[0m2021.12.29 15:39:17 INFO  time: compiled scala-gradle-example in 97ms[0m
[0m2021.12.29 15:39:17 INFO  compiling scala-gradle-example (1 scala source)[0m
[0m2021.12.29 15:39:17 INFO  time: compiled scala-gradle-example in 0.15s[0m
[0m2021.12.29 15:39:22 INFO  compiling scala-gradle-example (1 scala source)[0m
[0m2021.12.29 15:39:22 INFO  time: compiled scala-gradle-example in 0.11s[0m
[0m2021.12.29 15:39:22 INFO  compiling scala-gradle-example-test (1 scala source)[0m
[0m2021.12.29 15:39:23 INFO  time: compiled scala-gradle-example-test in 0.31s[0m
[0m2021.12.29 15:39:27 INFO  compiling scala-gradle-example (1 scala source)[0m
[0m2021.12.29 15:39:27 INFO  time: compiled scala-gradle-example in 99ms[0m
[0m2021.12.29 15:39:29 INFO  compiling scala-gradle-example (1 scala source)[0m
[0m2021.12.29 15:39:29 INFO  time: compiled scala-gradle-example in 0.14s[0m
[0m2021.12.29 15:39:40 INFO  compiling scala-gradle-example (1 scala source)[0m
[0m2021.12.29 15:39:40 INFO  time: compiled scala-gradle-example in 0.1s[0m
[0m2021.12.29 15:40:48 ERROR scalafmt: C:\msys64\home\Bert\projects\scala-gradle-example\src\main\scala\scala\gradle\example\Models\Database.scala:6: error: [dialect scala3] ; expected but , found
    username: String, password: String, name: String, surname: String, createdAt: Date
                    ^[0m
[0m2021.12.29 15:40:48 INFO  compiling scala-gradle-example (2 scala sources)[0m
[0m2021.12.29 15:40:48 INFO  time: compiled scala-gradle-example in 0.11s[0m
[0m2021.12.29 15:40:54 INFO  compiling scala-gradle-example (2 scala sources)[0m
[0m2021.12.29 15:40:54 INFO  time: compiled scala-gradle-example in 0.11s[0m
[0m2021.12.29 15:41:00 INFO  compiling scala-gradle-example (2 scala sources)[0m
[0m2021.12.29 15:41:00 INFO  time: compiled scala-gradle-example in 0.11s[0m
[0m2021.12.29 15:41:02 ERROR scalafmt: C:\msys64\home\Bert\projects\scala-gradle-example\src\main\scala\scala\gradle\example\Models\Database.scala:7: error: [dialect scala3] ; expected but , found
    val password: String, name: String, surname: String, createdAt: Date
                        ^[0m
[0m2021.12.29 15:41:02 INFO  compiling scala-gradle-example (2 scala sources)[0m
[0m2021.12.29 15:41:02 INFO  time: compiled scala-gradle-example in 0.11s[0m
[0m2021.12.29 15:41:06 INFO  compiling scala-gradle-example (2 scala sources)[0m
[0m2021.12.29 15:41:06 INFO  time: compiled scala-gradle-example in 0.1s[0m
[0m2021.12.29 15:41:09 INFO  compiling scala-gradle-example (2 scala sources)[0m
[0m2021.12.29 15:41:09 INFO  time: compiled scala-gradle-example in 0.1s[0m
[0m2021.12.29 15:41:12 INFO  compiling scala-gradle-example (2 scala sources)[0m
[0m2021.12.29 15:41:12 INFO  time: compiled scala-gradle-example in 0.1s[0m
[0m2021.12.29 15:41:12 INFO  compiling scala-gradle-example (2 scala sources)[0m
[0m2021.12.29 15:41:13 INFO  time: compiled scala-gradle-example in 0.1s[0m
[0m2021.12.29 15:41:20 INFO  compiling scala-gradle-example (2 scala sources)[0m
[0m2021.12.29 15:41:20 INFO  time: compiled scala-gradle-example in 0.1s[0m
[0m2021.12.29 15:41:23 INFO  compiling scala-gradle-example (2 scala sources)[0m
[0m2021.12.29 15:41:23 INFO  time: compiled scala-gradle-example in 0.1s[0m
[0m2021.12.29 15:41:38 INFO  compiling scala-gradle-example (2 scala sources)[0m
[0m2021.12.29 15:41:38 INFO  time: compiled scala-gradle-example in 0.1s[0m
[0m2021.12.29 15:41:40 INFO  compiling scala-gradle-example (2 scala sources)[0m
[0m2021.12.29 15:41:40 INFO  time: compiled scala-gradle-example in 0.1s[0m
[0m2021.12.29 15:41:42 INFO  compiling scala-gradle-example (2 scala sources)[0m
[0m2021.12.29 15:41:42 INFO  time: compiled scala-gradle-example in 0.1s[0m
[0m2021.12.29 15:41:53 ERROR scalafmt: C:\msys64\home\Bert\projects\scala-gradle-example\src\main\scala\scala\gradle\example\Users.scala:41: error: [dialect scala3] illegal start of simple expression
                  password =  = rows.head.getString("name"),
                              ^[0m
[0m2021.12.29 15:41:53 INFO  compiling scala-gradle-example (2 scala sources)[0m
[0m2021.12.29 15:41:53 INFO  time: compiled scala-gradle-example in 99ms[0m
[0m2021.12.29 15:41:53 INFO  compiling scala-gradle-example (2 scala sources)[0m
[0m2021.12.29 15:41:53 INFO  time: compiled scala-gradle-example in 0.31s[0m
[0m2021.12.29 15:41:55 INFO  compiling scala-gradle-example (2 scala sources)[0m
[0m2021.12.29 15:41:55 INFO  time: compiled scala-gradle-example in 0.31s[0m
[0m2021.12.29 15:41:55 INFO  compiling scala-gradle-example (2 scala sources)[0m
[0m2021.12.29 15:41:55 INFO  time: compiled scala-gradle-example in 0.31s[0m
[0m2021.12.29 15:41:56 INFO  compiling scala-gradle-example (2 scala sources)[0m
[0m2021.12.29 15:41:56 INFO  time: compiled scala-gradle-example in 0.31s[0m
[0m2021.12.29 15:41:56 INFO  compiling scala-gradle-example (1 scala source)[0m
[0m2021.12.29 15:41:56 INFO  time: compiled scala-gradle-example in 0.29s[0m
[0m2021.12.29 15:42:07 ERROR scalafmt: C:\msys64\home\Bert\projects\scala-gradle-example\src\main\scala\scala\gradle\example\Users.scala:41: error: [dialect scala3] illegal start of simple expression
                  password =  = rows.head.getString("name"),
                              ^[0m
[0m2021.12.29 15:42:07 INFO  compiling scala-gradle-example (1 scala source)[0m
[0m2021.12.29 15:42:07 INFO  time: compiled scala-gradle-example in 94ms[0m
Dec 29, 2021 3:42:15 PM org.eclipse.lsp4j.jsonrpc.RemoteEndpoint handleCancellation
WARNING: Unmatched cancel notification for request id 7839
[0m2021.12.29 15:42:16 ERROR scalafmt: C:\msys64\home\Bert\projects\scala-gradle-example\src\main\scala\scala\gradle\example\Users.scala:42: error: [dialect scala3] ) expected but . found
                  description rows.head.getString("description")
                                  ^[0m
[0m2021.12.29 15:42:16 INFO  compiling scala-gradle-example (1 scala source)[0m
[0m2021.12.29 15:42:16 INFO  time: compiled scala-gradle-example in 98ms[0m
[0m2021.12.29 15:42:23 INFO  compiling scala-gradle-example (1 scala source)[0m
[0m2021.12.29 15:42:23 INFO  time: compiled scala-gradle-example in 0.1s[0m
[0m2021.12.29 15:42:28 INFO  compiling scala-gradle-example (1 scala source)[0m
[0m2021.12.29 15:42:28 INFO  time: compiled scala-gradle-example in 76ms[0m
Dec 29, 2021 3:42:29 PM org.eclipse.lsp4j.jsonrpc.RemoteEndpoint handleCancellation
WARNING: Unmatched cancel notification for request id 7905
[0m2021.12.29 15:42:31 INFO  compiling scala-gradle-example (1 scala source)[0m
[0m2021.12.29 15:42:31 INFO  time: compiled scala-gradle-example in 0.1s[0m
[0m2021.12.29 15:42:33 INFO  compiling scala-gradle-example (1 scala source)[0m
[0m2021.12.29 15:42:33 INFO  time: compiled scala-gradle-example in 0.11s[0m
[0m2021.12.29 15:42:45 INFO  compiling scala-gradle-example (1 scala source)[0m
[0m2021.12.29 15:42:45 INFO  time: compiled scala-gradle-example in 0.1s[0m
[0m2021.12.29 15:42:48 INFO  compiling scala-gradle-example (1 scala source)[0m
[0m2021.12.29 15:42:48 INFO  time: compiled scala-gradle-example in 0.11s[0m
[0m2021.12.29 15:42:51 INFO  compiling scala-gradle-example (1 scala source)[0m
[0m2021.12.29 15:42:51 INFO  time: compiled scala-gradle-example in 0.1s[0m
[0m2021.12.29 15:42:52 INFO  compiling scala-gradle-example (1 scala source)[0m
[0m2021.12.29 15:42:52 INFO  time: compiled scala-gradle-example in 0.1s[0m
[0m2021.12.29 15:42:54 INFO  compiling scala-gradle-example (1 scala source)[0m
[0m2021.12.29 15:42:54 INFO  time: compiled scala-gradle-example in 0.1s[0m
[0m2021.12.29 15:42:55 INFO  compiling scala-gradle-example (1 scala source)[0m
[0m2021.12.29 15:42:55 INFO  time: compiled scala-gradle-example in 0.31s[0m
[0m2021.12.29 15:43:22 INFO  compiling scala-gradle-example (1 scala source)[0m
[0m2021.12.29 15:43:22 INFO  time: compiled scala-gradle-example in 0.3s[0m
[0m2021.12.29 15:43:26 INFO  compiling scala-gradle-example (1 scala source)[0m
[0m2021.12.29 15:43:26 INFO  time: compiled scala-gradle-example in 0.31s[0m
[0m2021.12.29 15:43:57 INFO  compiling scala-gradle-example (1 scala source)[0m
[0m2021.12.29 15:43:57 INFO  time: compiled scala-gradle-example in 0.3s[0m
[0m2021.12.29 15:44:01 INFO  compiling scala-gradle-example (1 scala source)[0m
[0m2021.12.29 15:44:01 INFO  time: compiled scala-gradle-example in 0.29s[0m
[0m2021.12.29 15:44:03 INFO  compiling scala-gradle-example (1 scala source)[0m
[0m2021.12.29 15:44:03 INFO  time: compiled scala-gradle-example in 0.3s[0m
[0m2021.12.29 15:44:06 INFO  compiling scala-gradle-example (1 scala source)[0m
[0m2021.12.29 15:44:06 INFO  time: compiled scala-gradle-example in 0.29s[0m
[0m2021.12.29 15:44:29 INFO  compiling scala-gradle-example (1 scala source)[0m
[0m2021.12.29 15:44:29 INFO  time: compiled scala-gradle-example in 0.33s[0m
[0m2021.12.29 15:44:32 INFO  compiling scala-gradle-example (1 scala source)[0m
[0m2021.12.29 15:44:32 INFO  time: compiled scala-gradle-example in 0.32s[0m
[0m2021.12.29 15:44:37 INFO  compiling scala-gradle-example (1 scala source)[0m
[0m2021.12.29 15:44:37 INFO  time: compiled scala-gradle-example in 0.31s[0m
[0m2021.12.29 15:44:40 INFO  compiling scala-gradle-example (1 scala source)[0m
[0m2021.12.29 15:44:40 INFO  time: compiled scala-gradle-example in 0.31s[0m
[0m2021.12.29 15:44:43 INFO  compiling scala-gradle-example (1 scala source)[0m
[0m2021.12.29 15:44:43 INFO  time: compiled scala-gradle-example in 0.29s[0m
[0m2021.12.29 15:44:48 INFO  compiling scala-gradle-example (1 scala source)[0m
[0m2021.12.29 15:44:48 INFO  time: compiled scala-gradle-example in 0.32s[0m
[0m2021.12.29 15:44:52 INFO  compiling scala-gradle-example (1 scala source)[0m
[0m2021.12.29 15:44:52 INFO  time: compiled scala-gradle-example in 0.43s[0m
[0m2021.12.29 15:44:59 INFO  compiling scala-gradle-example (1 scala source)[0m
[0m2021.12.29 15:44:59 INFO  time: compiled scala-gradle-example in 0.3s[0m
[0m2021.12.29 15:45:12 INFO  compiling scala-gradle-example (1 scala source)[0m
[0m2021.12.29 15:45:12 INFO  time: compiled scala-gradle-example in 0.32s[0m
[0m2021.12.29 15:45:15 INFO  compiling scala-gradle-example (1 scala source)[0m
[0m2021.12.29 15:45:15 INFO  time: compiled scala-gradle-example in 0.33s[0m
[0m2021.12.29 15:45:17 INFO  compiling scala-gradle-example (1 scala source)[0m
[0m2021.12.29 15:45:17 INFO  time: compiled scala-gradle-example in 0.32s[0m
[0m2021.12.29 15:45:20 INFO  compiling scala-gradle-example (1 scala source)[0m
[0m2021.12.29 15:45:20 INFO  time: compiled scala-gradle-example in 0.32s[0m
[0m2021.12.29 15:45:25 INFO  compiling scala-gradle-example (1 scala source)[0m
[0m2021.12.29 15:45:25 INFO  time: compiled scala-gradle-example in 0.38s[0m
[0m2021.12.29 15:45:26 INFO  compiling scala-gradle-example (1 scala source)[0m
[0m2021.12.29 15:45:26 INFO  time: compiled scala-gradle-example in 0.33s[0m
[0m2021.12.29 15:45:26 INFO  compiling scala-gradle-example (1 scala source)[0m
[0m2021.12.29 15:45:26 INFO  time: compiled scala-gradle-example in 0.34s[0m
[0m2021.12.29 15:45:29 INFO  compiling scala-gradle-example (1 scala source)[0m
[0m2021.12.29 15:45:29 INFO  time: compiled scala-gradle-example in 0.31s[0m
[0m2021.12.29 15:45:31 INFO  compiling scala-gradle-example (1 scala source)[0m
[0m2021.12.29 15:45:31 INFO  time: compiled scala-gradle-example in 0.4s[0m
[0m2021.12.29 15:46:06 INFO  compiling scala-gradle-example (1 scala source)[0m
[0m2021.12.29 15:46:06 INFO  time: compiled scala-gradle-example in 0.32s[0m
[0m2021.12.29 15:46:10 INFO  compiling scala-gradle-example (1 scala source)[0m
[0m2021.12.29 15:46:10 INFO  time: compiled scala-gradle-example in 0.31s[0m
[0m2021.12.29 15:46:14 INFO  compiling scala-gradle-example (1 scala source)[0m
[0m2021.12.29 15:46:14 INFO  time: compiled scala-gradle-example in 0.3s[0m
[0m2021.12.29 15:46:19 INFO  compiling scala-gradle-example (1 scala source)[0m
[0m2021.12.29 15:46:19 INFO  time: compiled scala-gradle-example in 0.3s[0m
[0m2021.12.29 15:46:31 INFO  compiling scala-gradle-example (1 scala source)[0m
[0m2021.12.29 15:46:31 INFO  time: compiled scala-gradle-example in 0.3s[0m
[0m2021.12.29 15:46:41 INFO  compiling scala-gradle-example (1 scala source)[0m
[0m2021.12.29 15:46:41 INFO  time: compiled scala-gradle-example in 0.3s[0m
[0m2021.12.29 15:46:46 INFO  compiling scala-gradle-example (1 scala source)[0m
[0m2021.12.29 15:46:46 INFO  time: compiled scala-gradle-example in 0.3s[0m
[0m2021.12.29 15:46:47 INFO  compiling scala-gradle-example (1 scala source)[0m
[0m2021.12.29 15:46:47 INFO  time: compiled scala-gradle-example in 0.3s[0m
[0m2021.12.29 15:46:52 INFO  compiling scala-gradle-example (1 scala source)[0m
[0m2021.12.29 15:46:52 INFO  time: compiled scala-gradle-example in 0.3s[0m
[0m2021.12.29 15:46:55 INFO  compiling scala-gradle-example (1 scala source)[0m
[0m2021.12.29 15:46:55 INFO  time: compiled scala-gradle-example in 0.3s[0m
[0m2021.12.29 15:47:06 INFO  compiling scala-gradle-example (1 scala source)[0m
[0m2021.12.29 15:47:06 INFO  time: compiled scala-gradle-example in 0.3s[0m
[0m2021.12.29 15:47:07 INFO  compiling scala-gradle-example (1 scala source)[0m
[0m2021.12.29 15:47:07 INFO  time: compiled scala-gradle-example in 0.3s[0m
[0m2021.12.29 15:47:33 INFO  compiling scala-gradle-example (1 scala source)[0m
[0m2021.12.29 15:47:33 INFO  time: compiled scala-gradle-example in 98ms[0m
[0m2021.12.29 15:47:35 INFO  compiling scala-gradle-example (1 scala source)[0m
[0m2021.12.29 15:47:35 INFO  time: compiled scala-gradle-example in 0.31s[0m
[0m2021.12.29 15:47:36 INFO  compiling scala-gradle-example (1 scala source)[0m
[0m2021.12.29 15:47:36 INFO  time: compiled scala-gradle-example in 0.31s[0m
[0m2021.12.29 15:48:02 INFO  compiling scala-gradle-example (1 scala source)[0m
[0m2021.12.29 15:48:02 INFO  time: compiled scala-gradle-example in 0.1s[0m
[0m2021.12.29 15:48:04 INFO  compiling scala-gradle-example (1 scala source)[0m
[0m2021.12.29 15:48:04 INFO  time: compiled scala-gradle-example in 0.11s[0m
[0m2021.12.29 15:48:09 INFO  compiling scala-gradle-example (1 scala source)[0m
[0m2021.12.29 15:48:09 INFO  time: compiled scala-gradle-example in 0.1s[0m
[0m2021.12.29 15:48:10 INFO  compiling scala-gradle-example (1 scala source)[0m
[0m2021.12.29 15:48:10 INFO  time: compiled scala-gradle-example in 0.3s[0m
[0m2021.12.29 15:49:02 INFO  compiling scala-gradle-example (1 scala source)[0m
[0m2021.12.29 15:49:02 INFO  time: compiled scala-gradle-example in 0.3s[0m
[0m2021.12.29 15:49:29 ERROR scalafmt: C:\msys64\home\Bert\projects\scala-gradle-example\src\main\scala\scala\gradle\example\Users.scala:51: error: [dialect scala3] illegal start of simple expression
                  val date = DateTime.parse("04/02/2011 20:27:05", 
                  ^[0m
[0m2021.12.29 15:49:29 INFO  compiling scala-gradle-example (1 scala source)[0m
[0m2021.12.29 15:49:29 INFO  time: compiled scala-gradle-example in 0.1s[0m
[0m2021.12.29 15:49:40 INFO  compiling scala-gradle-example (1 scala source)[0m
[0m2021.12.29 15:49:40 INFO  time: compiled scala-gradle-example in 0.1s[0m
[0m2021.12.29 15:49:47 INFO  compiling scala-gradle-example (1 scala source)[0m
[0m2021.12.29 15:49:47 INFO  time: compiled scala-gradle-example in 0.35s[0m
[0m2021.12.29 15:49:51 INFO  compiling scala-gradle-example (1 scala source)[0m
[0m2021.12.29 15:49:51 INFO  time: compiled scala-gradle-example in 98ms[0m
[0m2021.12.29 15:49:59 INFO  compiling scala-gradle-example (1 scala source)[0m
[0m2021.12.29 15:49:59 INFO  time: compiled scala-gradle-example in 0.1s[0m
[0m2021.12.29 15:50:03 ERROR scalafmt: C:\msys64\home\Bert\projects\scala-gradle-example\src\main\scala\scala\gradle\example\Users.scala:51: error: [dialect scala3] ) expected but ; found
                  createdAt = DateTime.parse(rows.head.getString("created_at"));
                                                                               ^[0m
[0m2021.12.29 15:50:03 INFO  compiling scala-gradle-example (1 scala source)[0m
[0m2021.12.29 15:50:03 INFO  time: compiled scala-gradle-example in 0.11s[0m
[0m2021.12.29 15:50:05 ERROR scalafmt: C:\msys64\home\Bert\projects\scala-gradle-example\src\main\scala\scala\gradle\example\Users.scala:51: error: [dialect scala3] ) expected but ; found
                  createdAt = DateTime.parse(rows.head.getString("created_at"), DateTimeFormat.forPattern("dd/MM/yyyy HH:mm:ss"));
                                                                                                                                 ^[0m
[0m2021.12.29 15:50:06 INFO  compiling scala-gradle-example (1 scala source)[0m
[0m2021.12.29 15:50:06 INFO  time: compiled scala-gradle-example in 99ms[0m
[0m2021.12.29 15:50:09 ERROR scalafmt: C:\msys64\home\Bert\projects\scala-gradle-example\src\main\scala\scala\gradle\example\Users.scala:52: error: [dialect scala3] ) expected but ; found
                  createdAt = DateTime.parse(rows.head.getString("created_at"), DateTimeFormat.forPattern("dd/MM/yyyy HH:mm:ss"));
                                                                                                                                 ^[0m
[0m2021.12.29 15:50:09 INFO  compiling scala-gradle-example (1 scala source)[0m
[0m2021.12.29 15:50:09 INFO  time: compiled scala-gradle-example in 0.1s[0m
[0m2021.12.29 15:50:19 INFO  compiling scala-gradle-example (1 scala source)[0m
[0m2021.12.29 15:50:19 INFO  time: compiled scala-gradle-example in 0.3s[0m
[0m2021.12.29 15:50:43 INFO  compiling scala-gradle-example (2 scala sources)[0m
[0m2021.12.29 15:50:43 INFO  time: compiled scala-gradle-example in 0.12s[0m
[0m2021.12.29 15:50:46 INFO  compiling scala-gradle-example (2 scala sources)[0m
[0m2021.12.29 15:50:46 INFO  time: compiled scala-gradle-example in 0.19s[0m
[0m2021.12.29 15:50:56 INFO  compiling scala-gradle-example (1 scala source)[0m
[0m2021.12.29 15:50:56 INFO  time: compiled scala-gradle-example in 0.1s[0m
[0m2021.12.29 15:51:02 INFO  compiling scala-gradle-example (1 scala source)[0m
[0m2021.12.29 15:51:02 INFO  time: compiled scala-gradle-example in 0.15s[0m
[0m2021.12.29 15:51:06 INFO  compiling scala-gradle-example (1 scala source)[0m
[0m2021.12.29 15:51:06 INFO  time: compiled scala-gradle-example in 0.1s[0m
[0m2021.12.29 15:51:08 INFO  compiling scala-gradle-example (1 scala source)[0m
[0m2021.12.29 15:51:08 INFO  time: compiled scala-gradle-example in 0.16s[0m
[0m2021.12.29 15:51:27 INFO  compiling scala-gradle-example (1 scala source)[0m
[0m2021.12.29 15:51:27 INFO  time: compiled scala-gradle-example in 0.16s[0m
[0m2021.12.29 15:51:27 INFO  compiling scala-gradle-example (1 scala source)[0m
[0m2021.12.29 15:51:27 INFO  time: compiled scala-gradle-example in 0.16s[0m
[0m2021.12.29 15:51:52 INFO  compiling scala-gradle-example (1 scala source)[0m
[0m2021.12.29 15:51:52 INFO  time: compiled scala-gradle-example in 0.11s[0m
[0m2021.12.29 15:52:03 INFO  compiling scala-gradle-example (1 scala source)[0m
[0m2021.12.29 15:52:03 INFO  time: compiled scala-gradle-example in 98ms[0m
[0m2021.12.29 15:52:07 INFO  compiling scala-gradle-example (1 scala source)[0m
[0m2021.12.29 15:52:07 INFO  time: compiled scala-gradle-example in 0.15s[0m
[0m2021.12.29 15:52:14 INFO  compiling scala-gradle-example (1 scala source)[0m
[0m2021.12.29 15:52:14 INFO  time: compiled scala-gradle-example in 0.16s[0m
[0m2021.12.29 15:52:17 INFO  compiling scala-gradle-example (1 scala source)[0m
[0m2021.12.29 15:52:17 INFO  time: compiled scala-gradle-example in 0.16s[0m
[0m2021.12.29 15:54:28 INFO  compiling scala-gradle-example (1 scala source)[0m
[0m2021.12.29 15:54:28 INFO  time: compiled scala-gradle-example in 0.17s[0m
[0m2021.12.29 15:56:09 INFO  compiling scala-gradle-example (1 scala source)[0m
[0m2021.12.29 15:56:09 INFO  time: compiled scala-gradle-example in 0.17s[0m
[0m2021.12.29 15:56:09 INFO  compiling scala-gradle-example (1 scala source)[0m
[0m2021.12.29 15:56:09 INFO  time: compiled scala-gradle-example in 0.16s[0m
[0m2021.12.29 15:56:42 INFO  compiling scala-gradle-example (1 scala source)[0m
[0m2021.12.29 15:56:42 INFO  time: compiled scala-gradle-example in 0.1s[0m
[0m2021.12.29 15:56:48 INFO  compiling scala-gradle-example (1 scala source)[0m
[0m2021.12.29 15:56:48 INFO  time: compiled scala-gradle-example in 0.1s[0m
[0m2021.12.29 15:56:51 INFO  compiling scala-gradle-example (1 scala source)[0m
[0m2021.12.29 15:56:51 INFO  time: compiled scala-gradle-example in 0.16s[0m
[0m2021.12.29 15:56:52 INFO  compiling scala-gradle-example (1 scala source)[0m
[0m2021.12.29 15:56:52 INFO  time: compiled scala-gradle-example in 0.17s[0m
[0m2021.12.29 15:57:14 INFO  compiling scala-gradle-example (1 scala source)[0m
[0m2021.12.29 15:57:14 INFO  time: compiled scala-gradle-example in 0.16s[0m
[0m2021.12.29 15:57:14 INFO  compiling scala-gradle-example (1 scala source)[0m
[0m2021.12.29 15:57:14 INFO  time: compiled scala-gradle-example in 0.16s[0m
[0m2021.12.29 15:57:48 INFO  compiling scala-gradle-example-test (1 scala source)[0m
[0m2021.12.29 15:57:48 INFO  time: compiled scala-gradle-example-test in 0.31s[0m
[0m2021.12.29 15:57:48 INFO  compiling scala-gradle-example-test (1 scala source)[0m
[0m2021.12.29 15:57:48 INFO  time: compiled scala-gradle-example-test in 0.32s[0m
[0m2021.12.29 15:57:53 INFO  compiling scala-gradle-example (1 scala source)[0m
[0m2021.12.29 15:57:53 INFO  time: compiled scala-gradle-example in 0.15s[0m
[0m2021.12.29 15:57:56 INFO  compiling scala-gradle-example (1 scala source)[0m
[0m2021.12.29 15:57:56 INFO  time: compiled scala-gradle-example in 0.28s[0m
[0m2021.12.29 15:57:59 INFO  compiling scala-gradle-example (1 scala source)[0m
[0m2021.12.29 15:57:59 INFO  time: compiled scala-gradle-example in 0.17s[0m
[0m2021.12.29 15:58:00 INFO  compiling scala-gradle-example (1 scala source)[0m
[0m2021.12.29 15:58:00 INFO  time: compiled scala-gradle-example in 0.16s[0m
[0m2021.12.29 15:58:05 INFO  compiling scala-gradle-example (1 scala source)[0m
[0m2021.12.29 15:58:05 INFO  time: compiled scala-gradle-example in 0.17s[0m
[0m2021.12.29 16:00:01 INFO  compiling scala-gradle-example-test (1 scala source)[0m
[0m2021.12.29 16:00:01 INFO  time: compiled scala-gradle-example-test in 0.32s[0m
[0m2021.12.29 16:00:03 INFO  compiling scala-gradle-example (1 scala source)[0m
[0m2021.12.29 16:00:03 INFO  time: compiled scala-gradle-example in 0.16s[0m
[0m2021.12.29 16:01:12 INFO  compiling scala-gradle-example-test (1 scala source)[0m
[0m2021.12.29 16:01:12 INFO  time: compiled scala-gradle-example-test in 0.31s[0m
[0m2021.12.29 16:01:14 INFO  compiling scala-gradle-example (1 scala source)[0m
[0m2021.12.29 16:01:14 INFO  time: compiled scala-gradle-example in 0.16s[0m
[0m2021.12.29 16:01:15 INFO  compiling scala-gradle-example-test (1 scala source)[0m
[0m2021.12.29 16:01:15 INFO  time: compiled scala-gradle-example-test in 0.32s[0m
[0m2021.12.29 16:01:15 INFO  compiling scala-gradle-example (1 scala source)[0m
[0m2021.12.29 16:01:16 INFO  time: compiled scala-gradle-example in 0.15s[0m
[0m2021.12.29 16:01:16 INFO  compiling scala-gradle-example (1 scala source)[0m
[0m2021.12.29 16:01:16 INFO  time: compiled scala-gradle-example in 0.17s[0m
[0m2021.12.29 16:03:38 INFO  compiling scala-gradle-example (1 scala source)[0m
[0m2021.12.29 16:03:38 INFO  time: compiled scala-gradle-example in 0.31s[0m
[0m2021.12.29 16:03:42 INFO  compiling scala-gradle-example (1 scala source)[0m
[0m2021.12.29 16:03:42 INFO  time: compiled scala-gradle-example in 0.15s[0m
[0m2021.12.29 16:13:31 INFO  compiling scala-gradle-example-test (1 scala source)[0m
[0m2021.12.29 16:13:31 INFO  time: compiled scala-gradle-example-test in 0.3s[0m
[0m2021.12.29 16:13:31 INFO  compiling scala-gradle-example (1 scala source)[0m
[0m2021.12.29 16:13:31 INFO  time: compiled scala-gradle-example in 89ms[0m
[0m2021.12.29 16:13:33 INFO  compiling scala-gradle-example (1 scala source)[0m
[0m2021.12.29 16:13:33 INFO  time: compiled scala-gradle-example in 95ms[0m
[0m2021.12.29 16:13:45 INFO  compiling scala-gradle-example (1 scala source)[0m
[0m2021.12.29 16:13:45 INFO  time: compiled scala-gradle-example in 87ms[0m
[0m2021.12.29 16:13:48 INFO  compiling scala-gradle-example (1 scala source)[0m
[0m2021.12.29 16:13:48 INFO  time: compiled scala-gradle-example in 0.15s[0m
[0m2021.12.29 16:14:01 INFO  compiling scala-gradle-example (1 scala source)[0m
[0m2021.12.29 16:14:01 INFO  time: compiled scala-gradle-example in 0.31s[0m
[0m2021.12.29 16:14:12 INFO  compiling scala-gradle-example (1 scala source)[0m
[0m2021.12.29 16:14:12 INFO  time: compiled scala-gradle-example in 99ms[0m
[0m2021.12.29 16:14:15 INFO  compiling scala-gradle-example (1 scala source)[0m
[0m2021.12.29 16:14:15 INFO  time: compiled scala-gradle-example in 95ms[0m
[0m2021.12.29 16:14:19 INFO  compiling scala-gradle-example (1 scala source)[0m
[0m2021.12.29 16:14:19 INFO  time: compiled scala-gradle-example in 0.11s[0m
[0m2021.12.29 16:14:19 INFO  compiling scala-gradle-example (1 scala source)[0m
[0m2021.12.29 16:14:19 INFO  time: compiled scala-gradle-example in 0.15s[0m
[0m2021.12.29 16:14:26 INFO  compiling scala-gradle-example (1 scala source)[0m
[0m2021.12.29 16:14:26 INFO  time: compiled scala-gradle-example in 0.1s[0m
[0m2021.12.29 16:14:26 INFO  compiling scala-gradle-example (1 scala source)[0m
[0m2021.12.29 16:14:27 INFO  time: compiled scala-gradle-example in 0.15s[0m
[0m2021.12.29 16:15:18 INFO  compiling scala-gradle-example (1 scala source)[0m
[0m2021.12.29 16:15:18 INFO  time: compiled scala-gradle-example in 0.16s[0m
[0m2021.12.29 16:16:35 INFO  compiling scala-gradle-example (1 scala source)[0m
[0m2021.12.29 16:16:35 INFO  time: compiled scala-gradle-example in 0.16s[0m
[0m2021.12.29 16:17:11 INFO  compiling scala-gradle-example (1 scala source)[0m
[0m2021.12.29 16:17:11 INFO  time: compiled scala-gradle-example in 0.16s[0m
[0m2021.12.29 16:17:13 INFO  compiling scala-gradle-example (1 scala source)[0m
[0m2021.12.29 16:17:13 INFO  time: compiled scala-gradle-example in 0.16s[0m
[0m2021.12.29 16:17:15 INFO  compiling scala-gradle-example (1 scala source)[0m
[0m2021.12.29 16:17:15 INFO  time: compiled scala-gradle-example in 0.15s[0m
[0m2021.12.29 16:17:23 INFO  compiling scala-gradle-example (1 scala source)[0m
[0m2021.12.29 16:17:23 INFO  time: compiled scala-gradle-example in 0.16s[0m
[0m2021.12.29 16:17:29 INFO  compiling scala-gradle-example (1 scala source)[0m
[0m2021.12.29 16:17:29 INFO  time: compiled scala-gradle-example in 0.16s[0m
[0m2021.12.29 16:17:30 INFO  compiling scala-gradle-example (1 scala source)[0m
[0m2021.12.29 16:17:30 INFO  time: compiled scala-gradle-example in 0.15s[0m
[0m2021.12.29 16:17:32 INFO  compiling scala-gradle-example (1 scala source)[0m
[0m2021.12.29 16:17:32 INFO  time: compiled scala-gradle-example in 0.17s[0m
[0m2021.12.29 16:18:22 INFO  compiling scala-gradle-example (1 scala source)[0m
[0m2021.12.29 16:18:22 INFO  time: compiled scala-gradle-example in 0.15s[0m
Dec 29, 2021 4:18:26 PM org.eclipse.lsp4j.jsonrpc.RemoteEndpoint handleCancellation
WARNING: Unmatched cancel notification for request id 10366
[0m2021.12.29 16:18:29 INFO  compiling scala-gradle-example (1 scala source)[0m
[0m2021.12.29 16:18:29 INFO  time: compiled scala-gradle-example in 0.16s[0m
[0m2021.12.29 16:18:31 INFO  compiling scala-gradle-example-test (1 scala source)[0m
[0m2021.12.29 16:18:31 INFO  time: compiled scala-gradle-example-test in 0.29s[0m
[0m2021.12.29 16:19:01 INFO  compiling scala-gradle-example (1 scala source)[0m
[0m2021.12.29 16:19:01 INFO  time: compiled scala-gradle-example in 0.24s[0m
[0m2021.12.29 16:19:05 INFO  compiling scala-gradle-example (1 scala source)[0m
[0m2021.12.29 16:19:05 INFO  time: compiled scala-gradle-example in 0.15s[0m
[0m2021.12.29 16:19:58 INFO  compiling scala-gradle-example (1 scala source)[0m
[0m2021.12.29 16:19:58 INFO  time: compiled scala-gradle-example in 0.16s[0m
[0m2021.12.29 16:20:14 INFO  compiling scala-gradle-example (1 scala source)[0m
[0m2021.12.29 16:20:14 INFO  time: compiled scala-gradle-example in 0.16s[0m
Dec 29, 2021 4:20:34 PM org.eclipse.lsp4j.jsonrpc.RemoteEndpoint handleCancellation
WARNING: Unmatched cancel notification for request id 10565
[0m2021.12.29 16:20:35 INFO  compiling scala-gradle-example (1 scala source)[0m
[0m2021.12.29 16:20:35 INFO  time: compiled scala-gradle-example in 0.22s[0m
[0m2021.12.29 16:21:25 INFO  compiling scala-gradle-example (1 scala source)[0m
[0m2021.12.29 16:21:25 INFO  time: compiled scala-gradle-example in 0.16s[0m
[0m2021.12.29 16:21:27 INFO  compiling scala-gradle-example (1 scala source)[0m
[0m2021.12.29 16:21:27 INFO  time: compiled scala-gradle-example in 0.31s[0m
[0m2021.12.29 16:21:30 INFO  compiling scala-gradle-example (1 scala source)[0m
[0m2021.12.29 16:21:30 INFO  time: compiled scala-gradle-example in 0.3s[0m
[0m2021.12.29 16:21:34 INFO  compiling scala-gradle-example (1 scala source)[0m
[0m2021.12.29 16:21:34 INFO  time: compiled scala-gradle-example in 0.11s[0m
[0m2021.12.29 16:21:36 INFO  compiling scala-gradle-example (1 scala source)[0m
[0m2021.12.29 16:21:36 INFO  time: compiled scala-gradle-example in 0.11s[0m
[0m2021.12.29 16:21:40 INFO  compiling scala-gradle-example (1 scala source)[0m
[0m2021.12.29 16:21:40 INFO  time: compiled scala-gradle-example in 0.15s[0m
[0m2021.12.29 16:21:41 INFO  compiling scala-gradle-example (1 scala source)[0m
[0m2021.12.29 16:21:41 INFO  time: compiled scala-gradle-example in 0.15s[0m
[0m2021.12.29 16:21:43 ERROR scalafmt: C:\msys64\home\Bert\projects\scala-gradle-example\src\main\scala\scala\gradle\example\Users.scala:25: error: [dialect scala3] ) expected but . found
      .get("/")
      ^[0m
[0m2021.12.29 16:21:43 INFO  compiling scala-gradle-example (1 scala source)[0m
[0m2021.12.29 16:21:43 INFO  time: compiled scala-gradle-example in 76ms[0m
[0m2021.12.29 16:21:44 ERROR scalafmt: C:\msys64\home\Bert\projects\scala-gradle-example\src\main\scala\scala\gradle\example\Users.scala:25: error: [dialect scala3] ) expected but . found
      .get("/")
      ^[0m
[0m2021.12.29 16:21:44 INFO  compiling scala-gradle-example (1 scala source)[0m
[0m2021.12.29 16:21:44 INFO  time: compiled scala-gradle-example in 71ms[0m
[0m2021.12.29 16:21:46 INFO  compiling scala-gradle-example (1 scala source)[0m
[0m2021.12.29 16:21:46 INFO  time: compiled scala-gradle-example in 0.16s[0m
[0m2021.12.29 16:21:50 INFO  compiling scala-gradle-example (1 scala source)[0m
[0m2021.12.29 16:21:50 INFO  time: compiled scala-gradle-example in 0.15s[0m
[0m2021.12.29 16:22:49 INFO  compiling scala-gradle-example (1 scala source)[0m
[0m2021.12.29 16:22:49 INFO  time: compiled scala-gradle-example in 0.17s[0m
[0m2021.12.29 16:25:21 INFO  compiling scala-gradle-example (1 scala source)[0m
[0m2021.12.29 16:25:21 INFO  time: compiled scala-gradle-example in 0.23s[0m
[0m2021.12.29 16:25:24 INFO  compiling scala-gradle-example (1 scala source)[0m
[0m2021.12.29 16:25:24 INFO  time: compiled scala-gradle-example in 0.22s[0m
[0m2021.12.29 16:25:29 INFO  compiling scala-gradle-example (1 scala source)[0m
[0m2021.12.29 16:25:29 INFO  time: compiled scala-gradle-example in 0.22s[0m
[0m2021.12.29 16:26:40 INFO  compiling scala-gradle-example (1 scala source)[0m
[0m2021.12.29 16:26:40 INFO  time: compiled scala-gradle-example in 0.18s[0m
[0m2021.12.29 16:26:42 INFO  compiling scala-gradle-example (1 scala source)[0m
[0m2021.12.29 16:26:42 INFO  time: compiled scala-gradle-example in 0.23s[0m
[0m2021.12.29 16:27:04 INFO  compiling scala-gradle-example (1 scala source)[0m
[0m2021.12.29 16:27:04 INFO  time: compiled scala-gradle-example in 0.16s[0m
[0m2021.12.29 16:27:06 INFO  compiling scala-gradle-example (1 scala source)[0m
[0m2021.12.29 16:27:06 INFO  time: compiled scala-gradle-example in 0.16s[0m
[0m2021.12.29 16:27:11 INFO  compiling scala-gradle-example (1 scala source)[0m
[0m2021.12.29 16:27:11 INFO  time: compiled scala-gradle-example in 0.16s[0m
[0m2021.12.29 16:27:29 INFO  compiling scala-gradle-example (1 scala source)[0m
[0m2021.12.29 16:27:29 INFO  time: compiled scala-gradle-example in 0.15s[0m
[0m2021.12.29 16:27:33 INFO  compiling scala-gradle-example (1 scala source)[0m
[0m2021.12.29 16:27:33 INFO  time: compiled scala-gradle-example in 0.21s[0m
[0m2021.12.29 16:28:18 INFO  compiling scala-gradle-example (1 scala source)[0m
[0m2021.12.29 16:28:18 INFO  time: compiled scala-gradle-example in 88ms[0m
[0m2021.12.29 16:28:21 INFO  compiling scala-gradle-example (1 scala source)[0m
[0m2021.12.29 16:28:21 INFO  time: compiled scala-gradle-example in 83ms[0m
[0m2021.12.29 16:28:24 INFO  compiling scala-gradle-example (1 scala source)[0m
[0m2021.12.29 16:28:24 INFO  time: compiled scala-gradle-example in 80ms[0m
[0m2021.12.29 16:28:44 INFO  compiling scala-gradle-example (1 scala source)[0m
[0m2021.12.29 16:28:44 INFO  time: compiled scala-gradle-example in 84ms[0m
[0m2021.12.29 16:29:31 INFO  compiling scala-gradle-example (1 scala source)[0m
[0m2021.12.29 16:29:31 INFO  time: compiled scala-gradle-example in 0.15s[0m
[0m2021.12.29 16:30:16 INFO  compiling scala-gradle-example (1 scala source)[0m
[0m2021.12.29 16:30:16 INFO  time: compiled scala-gradle-example in 0.16s[0m
[0m2021.12.29 16:30:27 INFO  compiling scala-gradle-example (1 scala source)[0m
[0m2021.12.29 16:30:27 INFO  time: compiled scala-gradle-example in 0.16s[0m
[0m2021.12.29 16:30:30 INFO  compiling scala-gradle-example (1 scala source)[0m
[0m2021.12.29 16:30:30 INFO  time: compiled scala-gradle-example in 0.16s[0m
[0m2021.12.29 16:31:36 INFO  compiling scala-gradle-example (1 scala source)[0m
[0m2021.12.29 16:31:36 INFO  time: compiled scala-gradle-example in 0.16s[0m
[0m2021.12.29 16:31:46 INFO  compiling scala-gradle-example (1 scala source)[0m
[0m2021.12.29 16:31:46 INFO  time: compiled scala-gradle-example in 0.17s[0m
[0m2021.12.29 16:31:47 INFO  compiling scala-gradle-example (1 scala source)[0m
[0m2021.12.29 16:31:47 INFO  time: compiled scala-gradle-example in 0.17s[0m
[0m2021.12.29 16:31:49 INFO  compiling scala-gradle-example (1 scala source)[0m
[0m2021.12.29 16:31:49 INFO  time: compiled scala-gradle-example in 0.16s[0m
[0m2021.12.29 16:32:06 INFO  compiling scala-gradle-example (1 scala source)[0m
[0m2021.12.29 16:32:06 INFO  time: compiled scala-gradle-example in 0.16s[0m
[0m2021.12.29 16:32:08 INFO  compiling scala-gradle-example (1 scala source)[0m
[0m2021.12.29 16:32:08 INFO  time: compiled scala-gradle-example in 0.17s[0m
[0m2021.12.29 16:33:25 INFO  compiling scala-gradle-example (1 scala source)[0m
[0m2021.12.29 16:33:25 INFO  time: compiled scala-gradle-example in 0.16s[0m
[0m2021.12.29 16:33:49 INFO  compiling scala-gradle-example (1 scala source)[0m
[0m2021.12.29 16:33:49 INFO  time: compiled scala-gradle-example in 0.16s[0m
[0m2021.12.29 16:35:04 INFO  compiling scala-gradle-example (1 scala source)[0m
[0m2021.12.29 16:35:04 INFO  time: compiled scala-gradle-example in 0.16s[0m
[0m2021.12.29 16:35:08 INFO  compiling scala-gradle-example (1 scala source)[0m
[0m2021.12.29 16:35:08 INFO  time: compiled scala-gradle-example in 0.16s[0m
[0m2021.12.29 16:35:10 INFO  compiling scala-gradle-example (1 scala source)[0m
[0m2021.12.29 16:35:10 INFO  time: compiled scala-gradle-example in 0.16s[0m
[0m2021.12.29 16:35:12 INFO  compiling scala-gradle-example (1 scala source)[0m
[0m2021.12.29 16:35:12 INFO  time: compiled scala-gradle-example in 0.15s[0m
[0m2021.12.29 16:35:40 INFO  compiling scala-gradle-example (1 scala source)[0m
[0m2021.12.29 16:35:40 INFO  time: compiled scala-gradle-example in 0.16s[0m
[0m2021.12.29 16:37:08 INFO  compiling scala-gradle-example-test (1 scala source)[0m
[0m2021.12.29 16:37:08 INFO  time: compiled scala-gradle-example-test in 0.3s[0m
[0m2021.12.29 16:38:46 INFO  compiling scala-gradle-example (1 scala source)[0m
[0m2021.12.29 16:38:46 INFO  time: compiled scala-gradle-example in 0.16s[0m
[0m2021.12.29 16:38:50 INFO  compiling scala-gradle-example (1 scala source)[0m
[0m2021.12.29 16:38:50 INFO  time: compiled scala-gradle-example in 0.17s[0m
[0m2021.12.29 16:39:22 INFO  compiling scala-gradle-example (1 scala source)[0m
[0m2021.12.29 16:39:22 INFO  time: compiled scala-gradle-example in 0.17s[0m
[0m2021.12.29 16:40:32 INFO  compiling scala-gradle-example (1 scala source)[0m
[0m2021.12.29 16:40:32 INFO  time: compiled scala-gradle-example in 0.17s[0m
[0m2021.12.29 16:41:07 INFO  compiling scala-gradle-example (1 scala source)[0m
[0m2021.12.29 16:41:07 INFO  time: compiled scala-gradle-example in 0.17s[0m
[0m2021.12.29 16:41:11 INFO  compiling scala-gradle-example (1 scala source)[0m
[0m2021.12.29 16:41:11 INFO  time: compiled scala-gradle-example in 0.3s[0m
[0m2021.12.29 16:41:20 INFO  compiling scala-gradle-example (1 scala source)[0m
[0m2021.12.29 16:41:20 INFO  time: compiled scala-gradle-example in 0.16s[0m
[0m2021.12.29 16:41:26 INFO  compiling scala-gradle-example (1 scala source)[0m
[0m2021.12.29 16:41:26 INFO  time: compiled scala-gradle-example in 0.16s[0m
[0m2021.12.29 16:41:42 INFO  compiling scala-gradle-example (1 scala source)[0m
[0m2021.12.29 16:41:42 INFO  time: compiled scala-gradle-example in 0.31s[0m
[0m2021.12.29 16:41:44 INFO  compiling scala-gradle-example (1 scala source)[0m
[0m2021.12.29 16:41:44 INFO  time: compiled scala-gradle-example in 0.31s[0m
[0m2021.12.29 16:41:57 INFO  compiling scala-gradle-example (1 scala source)[0m
[0m2021.12.29 16:41:57 INFO  time: compiled scala-gradle-example in 0.32s[0m
[0m2021.12.29 16:42:00 INFO  compiling scala-gradle-example (1 scala source)[0m
[0m2021.12.29 16:42:00 INFO  time: compiled scala-gradle-example in 0.41s[0m
[0m2021.12.29 16:42:04 INFO  compiling scala-gradle-example (1 scala source)[0m
[0m2021.12.29 16:42:04 INFO  time: compiled scala-gradle-example in 0.3s[0m
[0m2021.12.29 16:42:08 INFO  compiling scala-gradle-example (1 scala source)[0m
[0m2021.12.29 16:42:08 INFO  time: compiled scala-gradle-example in 0.3s[0m
[0m2021.12.29 16:42:08 INFO  compiling scala-gradle-example (1 scala source)[0m
[0m2021.12.29 16:42:08 INFO  time: compiled scala-gradle-example in 0.32s[0m
[0m2021.12.29 16:43:59 INFO  compiling scala-gradle-example (1 scala source)[0m
[0m2021.12.29 16:43:59 INFO  time: compiled scala-gradle-example in 0.29s[0m
[0m2021.12.29 16:44:06 INFO  compiling scala-gradle-example (1 scala source)[0m
[0m2021.12.29 16:44:06 INFO  time: compiled scala-gradle-example in 0.29s[0m
[0m2021.12.29 16:44:12 INFO  compiling scala-gradle-example (1 scala source)[0m
[0m2021.12.29 16:44:12 INFO  time: compiled scala-gradle-example in 0.3s[0m
[0m2021.12.29 16:44:34 INFO  compiling scala-gradle-example (1 scala source)[0m
[0m2021.12.29 16:44:34 INFO  time: compiled scala-gradle-example in 0.3s[0m
[0m2021.12.29 16:44:48 INFO  compiling scala-gradle-example (1 scala source)[0m
[0m2021.12.29 16:44:48 INFO  time: compiled scala-gradle-example in 0.1s[0m
[0m2021.12.29 16:44:52 INFO  compiling scala-gradle-example (1 scala source)[0m
[0m2021.12.29 16:44:52 INFO  time: compiled scala-gradle-example in 0.3s[0m
[0m2021.12.29 16:44:52 INFO  compiling scala-gradle-example (1 scala source)[0m
[0m2021.12.29 16:44:53 INFO  time: compiled scala-gradle-example in 0.29s[0m
[0m2021.12.29 16:44:54 ERROR scalafmt: C:\msys64\home\Bert\projects\scala-gradle-example\src\main\scala\scala\gradle\example\Users.scala:62: error: [dialect scala3] ) expected but val found
                val rows = ar.result()
                ^[0m
[0m2021.12.29 16:44:53 INFO  compiling scala-gradle-example (1 scala source)[0m
[0m2021.12.29 16:44:53 INFO  time: compiled scala-gradle-example in 0.29s[0m
[0m2021.12.29 16:44:55 INFO  compiling scala-gradle-example (1 scala source)[0m
[0m2021.12.29 16:44:55 INFO  time: compiled scala-gradle-example in 0.3s[0m
[0m2021.12.29 16:45:03 INFO  compiling scala-gradle-example (1 scala source)[0m
[0m2021.12.29 16:45:03 INFO  time: compiled scala-gradle-example in 96ms[0m
[0m2021.12.29 16:45:04 INFO  compiling scala-gradle-example (1 scala source)[0m
[0m2021.12.29 16:45:04 INFO  time: compiled scala-gradle-example in 97ms[0m
[0m2021.12.29 16:45:10 INFO  compiling scala-gradle-example (1 scala source)[0m
[0m2021.12.29 16:45:10 INFO  time: compiled scala-gradle-example in 98ms[0m
[0m2021.12.29 16:45:22 INFO  compiling scala-gradle-example (1 scala source)[0m
[0m2021.12.29 16:45:22 INFO  time: compiled scala-gradle-example in 0.11s[0m
[0m2021.12.29 16:45:31 INFO  compiling scala-gradle-example (1 scala source)[0m
[0m2021.12.29 16:45:31 INFO  time: compiled scala-gradle-example in 0.16s[0m
[0m2021.12.29 16:45:32 INFO  compiling scala-gradle-example (1 scala source)[0m
[0m2021.12.29 16:45:32 INFO  time: compiled scala-gradle-example in 0.17s[0m
[0m2021.12.29 16:46:02 INFO  compiling scala-gradle-example (1 scala source)[0m
[0m2021.12.29 16:46:02 INFO  time: compiled scala-gradle-example in 0.16s[0m
[0m2021.12.29 16:47:46 INFO  compiling scala-gradle-example (1 scala source)[0m
[0m2021.12.29 16:47:46 INFO  time: compiled scala-gradle-example in 0.17s[0m
[0m2021.12.29 16:47:51 INFO  compiling scala-gradle-example (1 scala source)[0m
[0m2021.12.29 16:47:51 INFO  time: compiled scala-gradle-example in 0.11s[0m
[0m2021.12.29 16:47:54 INFO  compiling scala-gradle-example (1 scala source)[0m
[0m2021.12.29 16:47:54 INFO  time: compiled scala-gradle-example in 0.1s[0m
[0m2021.12.29 16:47:59 INFO  compiling scala-gradle-example (1 scala source)[0m
[0m2021.12.29 16:47:59 INFO  time: compiled scala-gradle-example in 0.1s[0m
[0m2021.12.29 16:48:05 INFO  compiling scala-gradle-example (1 scala source)[0m
[0m2021.12.29 16:48:05 INFO  time: compiled scala-gradle-example in 0.11s[0m
[0m2021.12.29 16:48:11 INFO  compiling scala-gradle-example (1 scala source)[0m
[0m2021.12.29 16:48:11 INFO  time: compiled scala-gradle-example in 0.11s[0m
[0m2021.12.29 16:48:13 INFO  compiling scala-gradle-example (1 scala source)[0m
[0m2021.12.29 16:48:13 INFO  time: compiled scala-gradle-example in 0.33s[0m
[0m2021.12.29 16:48:16 INFO  compiling scala-gradle-example (1 scala source)[0m
[0m2021.12.29 16:48:16 INFO  time: compiled scala-gradle-example in 0.1s[0m
[0m2021.12.29 16:48:19 INFO  compiling scala-gradle-example (1 scala source)[0m
[0m2021.12.29 16:48:19 INFO  time: compiled scala-gradle-example in 0.11s[0m
[0m2021.12.29 16:48:21 INFO  compiling scala-gradle-example (1 scala source)[0m
[0m2021.12.29 16:48:21 INFO  time: compiled scala-gradle-example in 0.11s[0m
[0m2021.12.29 16:48:25 ERROR scalafmt: C:\msys64\home\Bert\projects\scala-gradle-example\src\main\scala\scala\gradle\example\Users.scala:49: error: [dialect scala3] identifier expected but } found
        }
        ^[0m
[0m2021.12.29 16:48:25 INFO  compiling scala-gradle-example (1 scala source)[0m
[0m2021.12.29 16:48:25 INFO  time: compiled scala-gradle-example in 0.11s[0m
[0m2021.12.29 16:48:28 ERROR scalafmt: C:\msys64\home\Bert\projects\scala-gradle-example\src\main\scala\scala\gradle\example\Users.scala:49: error: [dialect scala3] => expected but } found
        }
        ^[0m
[0m2021.12.29 16:48:28 INFO  compiling scala-gradle-example (1 scala source)[0m
[0m2021.12.29 16:48:28 INFO  time: compiled scala-gradle-example in 0.11s[0m
[0m2021.12.29 16:48:31 ERROR scalafmt: C:\msys64\home\Bert\projects\scala-gradle-example\src\main\scala\scala\gradle\example\Users.scala:49: error: [dialect scala3] => expected but } found
        }
        ^[0m
[0m2021.12.29 16:48:31 INFO  compiling scala-gradle-example (1 scala source)[0m
[0m2021.12.29 16:48:31 INFO  time: compiled scala-gradle-example in 0.12s[0m
[0m2021.12.29 16:48:33 ERROR scalafmt: C:\msys64\home\Bert\projects\scala-gradle-example\src\main\scala\scala\gradle\example\Users.scala:48: error: [dialect scala3] => expected but ( found
          case connection : println("")
                                   ^[0m
[0m2021.12.29 16:48:33 INFO  compiling scala-gradle-example (1 scala source)[0m
[0m2021.12.29 16:48:33 INFO  time: compiled scala-gradle-example in 0.11s[0m
[0m2021.12.29 16:48:37 INFO  compiling scala-gradle-example (1 scala source)[0m
[0m2021.12.29 16:48:37 INFO  time: compiled scala-gradle-example in 0.17s[0m
Exception in thread "pool-6-thread-2" java.lang.IllegalArgumentException: requirement failed: method apply
	at scala.Predef$.require(Predef.scala:337)
	at dotty.tools.dotc.ast.TypedTreeInfo.defPath(TreeInfo.scala:775)
	at dotty.tools.dotc.ast.TypedTreeInfo.defPath$(TreeInfo.scala:394)
	at dotty.tools.dotc.ast.tpd$.defPath(tpd.scala:22)
	at dotty.tools.dotc.interactive.Interactive$.enclosingSourceSymbols(Interactive.scala:114)
	at scala.meta.internal.pc.ScalaPresentationCompiler.hover$$anonfun$1(ScalaPresentationCompiler.scala:307)
	at scala.meta.internal.pc.CompilerAccess.withSharedCompiler(CompilerAccess.scala:137)
	at scala.meta.internal.pc.CompilerAccess.withNonInterruptableCompiler$$anonfun$1(CompilerAccess.scala:125)
	at scala.meta.internal.pc.CompilerAccess.onCompilerJobQueue$$anonfun$1(CompilerAccess.scala:197)
	at scala.meta.internal.pc.CompilerJobQueue$Job.run(CompilerJobQueue.scala:139)
	at java.base/java.util.concurrent.ThreadPoolExecutor.runWorker(ThreadPoolExecutor.java:1136)
	at java.base/java.util.concurrent.ThreadPoolExecutor$Worker.run(ThreadPoolExecutor.java:635)
	at java.base/java.lang.Thread.run(Thread.java:833)
[0m2021.12.29 16:51:02 ERROR scalafmt: C:\msys64\home\Bert\projects\scala-gradle-example\src\main\scala\scala\gradle\example\Users.scala:52: error: [dialect scala3] ; expected but = found
    RowSet<Row> rows = ar.result();
                     ^[0m
[0m2021.12.29 16:51:02 INFO  compiling scala-gradle-example (1 scala source)[0m
[0m2021.12.29 16:51:02 INFO  time: compiled scala-gradle-example in 0.11s[0m
[0m2021.12.29 16:51:02 ERROR scalafmt: C:\msys64\home\Bert\projects\scala-gradle-example\src\main\scala\scala\gradle\example\Users.scala:52: error: [dialect scala3] ; expected but = found
    RowSet<Row> rows = ar.result();
                     ^[0m
[0m2021.12.29 16:51:02 INFO  compiling scala-gradle-example (1 scala source)[0m
[0m2021.12.29 16:51:02 INFO  time: compiled scala-gradle-example in 0.1s[0m
[0m2021.12.29 16:51:11 ERROR scalafmt: C:\msys64\home\Bert\projects\scala-gradle-example\src\main\scala\scala\gradle\example\Users.scala:52: error: [dialect scala3] ; expected but = found
    RowSet<Row> rows = ar.result();
                     ^[0m
[0m2021.12.29 16:51:12 INFO  compiling scala-gradle-example (1 scala source)[0m
[0m2021.12.29 16:51:12 INFO  time: compiled scala-gradle-example in 0.12s[0m
[0m2021.12.29 16:51:17 INFO  compiling scala-gradle-example (1 scala source)[0m
[0m2021.12.29 16:51:17 INFO  time: compiled scala-gradle-example in 0.18s[0m
[0m2021.12.29 16:52:40 INFO  compiling scala-gradle-example (1 scala source)[0m
[0m2021.12.29 16:52:40 INFO  time: compiled scala-gradle-example in 0.17s[0m
[0m2021.12.29 16:52:49 INFO  compiling scala-gradle-example (1 scala source)[0m
[0m2021.12.29 16:52:49 INFO  time: compiled scala-gradle-example in 0.1s[0m
[0m2021.12.29 16:52:52 INFO  compiling scala-gradle-example (1 scala source)[0m
[0m2021.12.29 16:52:52 INFO  time: compiled scala-gradle-example in 0.1s[0m
[0m2021.12.29 16:52:57 INFO  compiling scala-gradle-example (1 scala source)[0m
[0m2021.12.29 16:52:57 INFO  time: compiled scala-gradle-example in 0.11s[0m
[0m2021.12.29 16:53:11 INFO  compiling scala-gradle-example (1 scala source)[0m
[0m2021.12.29 16:53:11 INFO  time: compiled scala-gradle-example in 0.12s[0m
[0m2021.12.29 16:53:14 INFO  compiling scala-gradle-example (1 scala source)[0m
[0m2021.12.29 16:53:14 INFO  time: compiled scala-gradle-example in 0.17s[0m
[0m2021.12.29 16:53:16 INFO  compiling scala-gradle-example (1 scala source)[0m
[0m2021.12.29 16:53:16 INFO  time: compiled scala-gradle-example in 0.16s[0m
[0m2021.12.29 16:53:22 ERROR scalafmt: C:\msys64\home\Bert\projects\scala-gradle-example\src\main\scala\scala\gradle\example\Users.scala:59: error: [dialect scala3] = expected but \n\n found

^[0m
[0m2021.12.29 16:53:22 INFO  compiling scala-gradle-example (1 scala source)[0m
[0m2021.12.29 16:53:22 INFO  time: compiled scala-gradle-example in 0.1s[0m
[0m2021.12.29 16:53:27 INFO  compiling scala-gradle-example (1 scala source)[0m
[0m2021.12.29 16:53:27 INFO  time: compiled scala-gradle-example in 0.2s[0m
[0m2021.12.29 16:55:00 INFO  compiling scala-gradle-example (1 scala source)[0m
[0m2021.12.29 16:55:00 INFO  time: compiled scala-gradle-example in 0.17s[0m
[0m2021.12.29 16:55:17 INFO  compiling scala-gradle-example (1 scala source)[0m
[0m2021.12.29 16:55:17 INFO  time: compiled scala-gradle-example in 0.17s[0m
[0m2021.12.29 16:55:21 INFO  compiling scala-gradle-example (1 scala source)[0m
[0m2021.12.29 16:55:21 INFO  time: compiled scala-gradle-example in 0.31s[0m
[0m2021.12.29 16:55:26 INFO  compiling scala-gradle-example (1 scala source)[0m
[0m2021.12.29 16:55:26 INFO  time: compiled scala-gradle-example in 0.18s[0m
[0m2021.12.29 17:14:25 INFO  compiling scala-gradle-example (1 scala source)[0m
[0m2021.12.29 17:14:25 INFO  time: compiled scala-gradle-example in 0.18s[0m
Dec 29, 2021 5:15:49 PM org.eclipse.lsp4j.jsonrpc.RemoteEndpoint handleCancellation
WARNING: Unmatched cancel notification for request id 13083
[0m2021.12.29 17:17:52 INFO  compiling scala-gradle-example (1 scala source)[0m
[0m2021.12.29 17:17:52 INFO  time: compiled scala-gradle-example in 0.14s[0m
[0m2021.12.29 17:17:54 INFO  compiling scala-gradle-example-test (1 scala source)[0m
[0m2021.12.29 17:17:54 INFO  time: compiled scala-gradle-example-test in 0.32s[0m
[0m2021.12.29 17:17:56 INFO  compiling scala-gradle-example (1 scala source)[0m
[0m2021.12.29 17:17:56 INFO  time: compiled scala-gradle-example in 0.14s[0m
[0m2021.12.29 17:18:27 INFO  compiling scala-gradle-example (1 scala source)[0m
[0m2021.12.29 17:18:27 INFO  time: compiled scala-gradle-example in 0.3s[0m
[0m2021.12.29 17:18:34 INFO  compiling scala-gradle-example (1 scala source)[0m
[0m2021.12.29 17:18:34 INFO  time: compiled scala-gradle-example in 0.3s[0m
[0m2021.12.29 21:50:59 INFO  shutting down Metals[0m
[0m2021.12.29 21:50:59 INFO  Shut down connection with build server.[0m
No more data in the client stdin, exiting...
No more data in the server stdin, exiting...
[0m2021.12.30 10:36:18 INFO  Started: Metals version 0.10.9 in workspace 'C:\msys64\home\Bert\projects\scala-gradle-example' for client Visual Studio Code 1.63.2.[0m
[0m2021.12.30 10:36:19 INFO  time: initialize in 1.26s[0m
[0m2021.12.30 10:36:20 INFO  Attempting to connect to the build server...[0m
Starting the bsp launcher for bloop...
Opening a bsp server connection with 'bsp --protocol tcp --port 39885'...
Waiting for the bsp connection to come up...
